0 verbose cli /data/data/com.termux/files/usr/bin/node /data/data/com.termux/files/usr/bin/npm
1 info using npm@10.8.3
2 info using node@v22.9.0
3 silly config load:file:/data/data/com.termux/files/usr/lib/node_modules/npm/npmrc
4 silly config load:file:/data/data/com.termux/files/home/.npmrc
5 silly config load:file:/data/data/com.termux/files/usr/etc/npmrc
6 verbose title npm i netlify init
7 verbose argv "i" "netlify" "init"
8 verbose logfile logs-max:10 dir:/data/data/com.termux/files/home/.npm/_logs/2024-12-18T02_07_06_405Z-
9 verbose logfile /data/data/com.termux/files/home/.npm/_logs/2024-12-18T02_07_06_405Z-debug-0.log
10 silly packumentCache heap:1098907648 maxSize:274726912 maxEntrySize:137363456
11 silly logfile start cleaning logs, removing 1 files
12 silly logfile done cleaning log files
13 silly idealTree buildDeps
14 silly fetch manifest netlify@^13.2.0
15 silly packumentCache full:https://registry.npmjs.org/netlify cache-miss
16 http fetch GET 200 https://registry.npmjs.org/netlify 133ms (cache hit)
17 silly packumentCache full:https://registry.npmjs.org/netlify set size:848394 disposed:false
18 silly fetch manifest init@*
19 silly packumentCache full:https://registry.npmjs.org/init cache-miss
20 http fetch GET 200 https://registry.npmjs.org/init 502ms (cache miss)
21 silly packumentCache full:https://registry.npmjs.org/init set size:undefined disposed:false
22 silly placeDep ROOT init@0.1.2 OK for: home@1.0.0 want: *
23 silly placeDep ROOT netlify@13.2.0 REPLACE for: home@1.0.0 want: ^13.2.0
24 silly fetch manifest daemon@>=0.3.0
25 silly packumentCache full:https://registry.npmjs.org/daemon cache-miss
26 http fetch GET 200 https://registry.npmjs.org/daemon 168ms (cache miss)
27 silly packumentCache full:https://registry.npmjs.org/daemon set size:undefined disposed:false
28 silly placeDep ROOT daemon@1.1.0 OK for: init@0.1.2 want: >=0.3.0
29 silly reify moves {}
30 silly audit bulk request {
30 silly audit   '@mongodb-js/saslprep': [ '1.1.9' ],
30 silly audit   '@netlify/open-api': [ '2.35.0' ],
30 silly audit   '@popperjs/core': [ '2.11.8' ],
30 silly audit   '@types/webidl-conversions': [ '7.0.3' ],
30 silly audit   '@types/whatwg-url': [ '11.0.5' ],
30 silly audit   accepts: [ '1.3.8' ],
30 silly audit   'ansi-styles': [ '4.3.0' ],
30 silly audit   anymatch: [ '3.1.3' ],
30 silly audit   archetype: [ '0.13.1' ],
30 silly audit   'array-flatten': [ '1.1.1' ],
30 silly audit   async: [ '3.2.6' ],
30 silly audit   'balanced-match': [ '1.0.2' ],
30 silly audit   bcryptjs: [ '2.4.3' ],
30 silly audit   'binary-extensions': [ '2.3.0' ],
30 silly audit   'body-parser': [ '1.20.3' ],
30 silly audit   bootstrap: [ '5.3.3' ],
30 silly audit   'brace-expansion': [ '1.1.11', '2.0.1' ],
30 silly audit   braces: [ '3.0.3' ],
30 silly audit   bson: [ '6.10.1' ],
30 silly audit   'buffer-equal-constant-time': [ '1.0.1' ],
30 silly audit   bytes: [ '3.1.2' ],
30 silly audit   'call-bind-apply-helpers': [ '1.0.1' ],
30 silly audit   'call-bound': [ '1.0.3' ],
30 silly audit   chalk: [ '4.1.2' ],
30 silly audit   chokidar: [ '3.6.0' ],
30 silly audit   'color-convert': [ '2.0.1' ],
30 silly audit   'color-name': [ '1.1.4' ],
30 silly audit   'concat-map': [ '0.0.1' ],
30 silly audit   'connect-flash': [ '0.1.1' ],
30 silly audit   'connect-mongodb-session': [ '5.0.0' ],
30 silly audit   'content-disposition': [ '0.5.4' ],
30 silly audit   'content-type': [ '1.0.5' ],
30 silly audit   cookie: [ '0.7.1', '0.7.2' ],
30 silly audit   'cookie-signature': [ '1.0.6', '1.0.7' ],
30 silly audit   'data-uri-to-buffer': [ '4.0.1' ],
30 silly audit   debug: [ '2.6.9', '3.1.0', '4.4.0' ],
30 silly audit   depd: [ '2.0.0' ],
30 silly audit   destroy: [ '1.2.0' ],
30 silly audit   dotenv: [ '16.4.7' ],
30 silly audit   'dunder-proto': [ '1.0.0' ],
30 silly audit   'ecdsa-sig-formatter': [ '1.0.11' ],
30 silly audit   'ee-first': [ '1.1.1' ],
30 silly audit   ejs: [ '3.1.10' ],
30 silly audit   encodeurl: [ '2.0.0', '1.0.2' ],
30 silly audit   'es-define-property': [ '1.0.1' ],
30 silly audit   'es-errors': [ '1.3.0' ],
30 silly audit   'es-object-atoms': [ '1.0.0' ],
30 silly audit   'escape-html': [ '1.0.3' ],
30 silly audit   etag: [ '1.8.1' ],
30 silly audit   express: [ '4.21.2' ],
30 silly audit   'express-rate-limit': [ '7.5.0' ],
30 silly audit   'express-session': [ '1.18.1' ],
30 silly audit   'fetch-blob': [ '3.2.0' ],
30 silly audit   filelist: [ '1.0.4' ],
30 silly audit   minimatch: [ '5.1.6', '3.1.2' ],
30 silly audit   'fill-range': [ '7.1.1' ],
30 silly audit   finalhandler: [ '1.3.1' ],
30 silly audit   'formdata-polyfill': [ '4.0.10' ],
30 silly audit   forwarded: [ '0.2.0' ],
30 silly audit   fresh: [ '0.5.2' ],
30 silly audit   fsevents: [ '2.3.3' ],
30 silly audit   'function-bind': [ '1.1.2' ],
30 silly audit   'get-intrinsic': [ '1.2.6' ],
30 silly audit   'glob-parent': [ '5.1.2' ],
30 silly audit   gopd: [ '1.2.0' ],
30 silly audit   'has-flag': [ '4.0.0', '3.0.0' ],
30 silly audit   'has-symbols': [ '1.1.0' ],
30 silly audit   hasown: [ '2.0.2' ],
30 silly audit   'http-errors': [ '2.0.0' ],
30 silly audit   'iconv-lite': [ '0.4.24' ],
30 silly audit   'ignore-by-default': [ '1.0.1' ],
30 silly audit   inherits: [ '2.0.4' ],
30 silly audit   'ipaddr.js': [ '1.9.1' ],
30 silly audit   'is-binary-path': [ '2.1.0' ],
30 silly audit   'is-extglob': [ '2.1.1' ],
30 silly audit   'is-glob': [ '4.0.3' ],
30 silly audit   'is-number': [ '7.0.0' ],
30 silly audit   jake: [ '10.9.2' ],
30 silly audit   jsonwebtoken: [ '9.0.2' ],
30 silly audit   ms: [ '2.1.3', '2.0.0' ],
30 silly audit   jwa: [ '1.4.1' ],
30 silly audit   jws: [ '3.2.2' ],
30 silly audit   kareem: [ '2.6.3' ],
30 silly audit   lodash: [ '4.17.21' ],
30 silly audit   'lodash-es': [ '4.17.21' ],
30 silly audit   'lodash.includes': [ '4.3.0' ],
30 silly audit   'lodash.isboolean': [ '3.0.3' ],
30 silly audit   'lodash.isinteger': [ '4.0.4' ],
30 silly audit   'lodash.isnumber': [ '3.0.3' ],
30 silly audit   'lodash.isplainobject': [ '4.0.6' ],
30 silly audit   'lodash.isstring': [ '4.0.1' ],
30 silly audit   'lodash.once': [ '4.1.1' ],
30 silly audit   'lodash.sortby': [ '4.7.0' ],
30 silly audit   'math-intrinsics': [ '1.0.0' ],
30 silly audit   'media-typer': [ '0.3.0' ],
30 silly audit   'memory-pager': [ '1.5.0' ],
30 silly audit   'merge-descriptors': [ '1.0.3' ],
30 silly audit   'method-override': [ '3.0.0' ],
30 silly audit   methods: [ '1.1.2' ],
30 silly audit   'micro-api-client': [ '3.3.0' ],
30 silly audit   mime: [ '1.6.0' ],
30 silly audit   'mime-db': [ '1.52.0' ],
30 silly audit   'mime-types': [ '2.1.35' ],
30 silly audit   mongodb: [ '6.12.0' ],
30 silly audit   'mongodb-connection-string-url': [ '3.0.1' ],
30 silly audit   mongoose: [ '8.9.1' ],
30 silly audit   mpath: [ '0.9.0', '0.8.4' ],
30 silly audit   mquery: [ '5.0.0' ],
30 silly audit   negotiator: [ '0.6.3' ],
30 silly audit   'node-domexception': [ '1.0.0' ],
30 silly audit   'node-fetch': [ '3.3.2' ],
30 silly audit   nodemon: [ '3.1.9' ],
30 silly audit   'supports-color': [ '5.5.0', '7.2.0' ],
30 silly audit   'normalize-path': [ '3.0.0' ],
30 silly audit   'object-inspect': [ '1.13.3' ],
30 silly audit   'omit.js': [ '2.0.2' ],
30 silly audit   'on-finished': [ '2.4.1' ],
30 silly audit   'on-headers': [ '1.0.2' ],
30 silly audit   'p-timeout': [ '5.1.0' ],
30 silly audit   'p-wait-for': [ '4.1.0' ],
30 silly audit   parseurl: [ '1.3.3' ],
30 silly audit   passport: [ '0.7.0' ],
30 silly audit   'passport-local': [ '1.0.0' ],
30 silly audit   'passport-strategy': [ '1.0.0' ],
30 silly audit   'path-to-regexp': [ '0.1.12' ],
30 silly audit   pause: [ '0.0.1' ],
30 silly audit   picomatch: [ '2.3.1' ],
30 silly audit   'proxy-addr': [ '2.0.7' ],
30 silly audit   'pstree.remy': [ '1.1.8' ],
30 silly audit   punycode: [ '2.3.1' ],
30 silly audit   qs: [ '6.13.0' ],
30 silly audit   'random-bytes': [ '1.0.0' ],
30 silly audit   'range-parser': [ '1.2.1' ],
30 silly audit   'raw-body': [ '2.5.2' ],
30 silly audit   readdirp: [ '3.6.0' ],
30 silly audit   'safe-buffer': [ '5.2.1' ],
30 silly audit   'safer-buffer': [ '2.1.2' ],
30 silly audit   semver: [ '7.6.3' ],
30 silly audit   send: [ '0.19.0' ],
30 silly audit   'serve-static': [ '1.16.2' ],
30 silly audit   setprototypeof: [ '1.2.0' ],
30 silly audit   'side-channel': [ '1.1.0' ],
30 silly audit   'side-channel-list': [ '1.0.0' ],
30 silly audit   'side-channel-map': [ '1.0.1' ],
30 silly audit   'side-channel-weakmap': [ '1.0.2' ],
30 silly audit   sift: [ '17.1.3' ],
30 silly audit   'simple-update-notifier': [ '2.0.0' ],
30 silly audit   'sparse-bitfield': [ '3.0.3' ],
30 silly audit   statuses: [ '2.0.1' ],
30 silly audit   'to-regex-range': [ '5.0.1' ],
30 silly audit   toidentifier: [ '1.0.1' ],
30 silly audit   touch: [ '3.1.1' ],
30 silly audit   tr46: [ '4.1.1', '1.0.1' ],
30 silly audit   'type-is': [ '1.6.18' ],
30 silly audit   'uid-safe': [ '2.1.5' ],
30 silly audit   undefsafe: [ '2.0.5' ],
30 silly audit   unpipe: [ '1.0.0' ],
30 silly audit   unpkg: [ '0.2.0' ],
30 silly audit   'webidl-conversions': [ '4.0.2', '7.0.0' ],
30 silly audit   'whatwg-url': [ '6.5.0', '13.0.0' ],
30 silly audit   'utils-merge': [ '1.0.1' ],
30 silly audit   vary: [ '1.1.2' ],
30 silly audit   'web-streams-polyfill': [ '3.3.3' ],
30 silly audit   init: [ '0.1.2' ],
30 silly audit   netlify: [ '13.2.0' ],
30 silly audit   daemon: [ '1.1.0' ]
30 silly audit }
31 verbose reify failed optional dependency /data/data/com.termux/files/home/node_modules/fsevents
32 silly reify mark deleted [ '/data/data/com.termux/files/home/node_modules/fsevents' ]
33 silly tarball no local data for daemon@https://registry.npmjs.org/daemon/-/daemon-1.1.0.tgz. Extracting by manifest.
34 silly tarball no local data for init@https://registry.npmjs.org/init/-/init-0.1.2.tgz. Extracting by manifest.
35 http fetch POST 200 https://registry.npmjs.org/-/npm/v1/security/advisories/bulk 308ms
36 silly audit report {}
37 http fetch GET 200 https://registry.npmjs.org/daemon/-/daemon-1.1.0.tgz 522ms (cache miss)
38 http fetch GET 200 https://registry.npmjs.org/init/-/init-0.1.2.tgz 524ms (cache miss)
39 silly ADD node_modules/daemon
40 silly ADD node_modules/init
41 silly ADD
42 verbose cwd /data/data/com.termux/files/home
43 verbose os Linux 4.14.186+
44 verbose node v22.9.0
45 verbose npm  v10.8.3
46 verbose exit 0
47 info ok
