0 verbose cli /data/data/com.termux/files/usr/bin/node /data/data/com.termux/files/usr/bin/npm
1 info using npm@10.8.3
2 info using node@v22.9.0
3 silly config load:file:/data/data/com.termux/files/usr/lib/node_modules/npm/npmrc
4 silly config load:file:/data/data/com.termux/files/home/.npmrc
5 silly config load:file:/data/data/com.termux/files/usr/etc/npmrc
6 verbose title npm i netlify
7 verbose argv "i" "netlify"
8 verbose logfile logs-max:10 dir:/data/data/com.termux/files/home/.npm/_logs/2024-12-18T02_06_37_195Z-
9 verbose logfile /data/data/com.termux/files/home/.npm/_logs/2024-12-18T02_06_37_195Z-debug-0.log
10 silly packumentCache heap:1098907648 maxSize:274726912 maxEntrySize:137363456
11 silly logfile start cleaning logs, removing 1 files
12 silly logfile done cleaning log files
13 silly idealTree buildDeps
14 silly fetch manifest netlify@*
15 silly packumentCache full:https://registry.npmjs.org/netlify cache-miss
16 verbose shrinkwrap failed to load node_modules/.package-lock.json out of date, updated: node_modules
17 http fetch GET 200 https://registry.npmjs.org/netlify 202ms (cache hit)
18 silly packumentCache full:https://registry.npmjs.org/netlify set size:848394 disposed:false
19 silly placeDep ROOT netlify@13.2.0 OK for: home@1.0.0 want: *
20 silly fetch manifest @netlify/open-api@^2.35.0
21 silly packumentCache full:https://registry.npmjs.org/@netlify%2fopen-api cache-miss
22 silly fetch manifest lodash-es@^4.17.21
23 silly packumentCache full:https://registry.npmjs.org/lodash-es cache-miss
24 silly fetch manifest micro-api-client@^3.3.0
25 silly packumentCache full:https://registry.npmjs.org/micro-api-client cache-miss
26 silly fetch manifest node-fetch@^3.0.0
27 silly packumentCache full:https://registry.npmjs.org/node-fetch cache-miss
28 silly fetch manifest omit.js@^2.0.2
29 silly packumentCache full:https://registry.npmjs.org/omit.js cache-miss
30 silly fetch manifest p-wait-for@^4.0.0
31 silly packumentCache full:https://registry.npmjs.org/p-wait-for cache-miss
32 http fetch GET 200 https://registry.npmjs.org/p-wait-for 141ms (cache hit)
33 silly packumentCache full:https://registry.npmjs.org/p-wait-for set size:32692 disposed:false
34 http fetch GET 200 https://registry.npmjs.org/node-fetch 151ms (cache hit)
35 silly packumentCache full:https://registry.npmjs.org/node-fetch set size:896010 disposed:false
36 http fetch GET 200 https://registry.npmjs.org/micro-api-client 531ms (cache miss)
37 silly packumentCache full:https://registry.npmjs.org/micro-api-client set size:undefined disposed:false
38 http fetch GET 200 https://registry.npmjs.org/omit.js 536ms (cache miss)
39 silly packumentCache full:https://registry.npmjs.org/omit.js set size:undefined disposed:false
40 http fetch GET 200 https://registry.npmjs.org/lodash-es 560ms (cache miss)
41 silly packumentCache full:https://registry.npmjs.org/lodash-es set size:undefined disposed:false
42 http fetch GET 200 https://registry.npmjs.org/@netlify%2fopen-api 588ms (cache miss)
43 silly packumentCache full:https://registry.npmjs.org/@netlify%2fopen-api set size:undefined disposed:false
44 silly placeDep ROOT @netlify/open-api@2.35.0 OK for: netlify@13.2.0 want: ^2.35.0
45 silly placeDep ROOT lodash-es@4.17.21 OK for: netlify@13.2.0 want: ^4.17.21
46 silly placeDep ROOT micro-api-client@3.3.0 OK for: netlify@13.2.0 want: ^3.3.0
47 silly placeDep ROOT node-fetch@3.3.2 OK for: netlify@13.2.0 want: ^3.0.0
48 silly placeDep ROOT omit.js@2.0.2 OK for: netlify@13.2.0 want: ^2.0.2
49 silly placeDep ROOT p-wait-for@4.1.0 OK for: netlify@13.2.0 want: ^4.0.0
50 silly fetch manifest data-uri-to-buffer@^4.0.0
51 silly packumentCache full:https://registry.npmjs.org/data-uri-to-buffer cache-miss
52 silly fetch manifest fetch-blob@^3.1.4
53 silly packumentCache full:https://registry.npmjs.org/fetch-blob cache-miss
54 silly fetch manifest formdata-polyfill@^4.0.10
55 silly packumentCache full:https://registry.npmjs.org/formdata-polyfill cache-miss
56 silly fetch manifest p-timeout@^5.0.0
57 silly packumentCache full:https://registry.npmjs.org/p-timeout cache-miss
58 http fetch GET 200 https://registry.npmjs.org/data-uri-to-buffer 112ms (cache miss)
59 silly packumentCache full:https://registry.npmjs.org/data-uri-to-buffer set size:undefined disposed:false
60 http fetch GET 200 https://registry.npmjs.org/formdata-polyfill 190ms (cache miss)
61 silly packumentCache full:https://registry.npmjs.org/formdata-polyfill set size:undefined disposed:false
62 http fetch GET 200 https://registry.npmjs.org/p-timeout 198ms (cache miss)
63 silly packumentCache full:https://registry.npmjs.org/p-timeout set size:undefined disposed:false
64 http fetch GET 200 https://registry.npmjs.org/fetch-blob 212ms (cache miss)
65 silly packumentCache full:https://registry.npmjs.org/fetch-blob set size:undefined disposed:false
66 silly placeDep ROOT data-uri-to-buffer@4.0.1 OK for: node-fetch@3.3.2 want: ^4.0.0
67 silly placeDep ROOT fetch-blob@3.2.0 OK for: node-fetch@3.3.2 want: ^3.1.4
68 silly placeDep ROOT formdata-polyfill@4.0.10 OK for: node-fetch@3.3.2 want: ^4.0.10
69 silly fetch manifest node-domexception@^1.0.0
70 silly packumentCache full:https://registry.npmjs.org/node-domexception cache-miss
71 silly fetch manifest web-streams-polyfill@^3.0.3
72 silly packumentCache full:https://registry.npmjs.org/web-streams-polyfill cache-miss
73 http fetch GET 200 https://registry.npmjs.org/node-domexception 135ms (cache miss)
74 silly packumentCache full:https://registry.npmjs.org/node-domexception set size:undefined disposed:false
75 http fetch GET 200 https://registry.npmjs.org/web-streams-polyfill 147ms (cache miss)
76 silly packumentCache full:https://registry.npmjs.org/web-streams-polyfill set size:undefined disposed:false
77 silly placeDep ROOT node-domexception@1.0.0 OK for: fetch-blob@3.2.0 want: ^1.0.0
78 silly placeDep ROOT web-streams-polyfill@3.3.3 OK for: fetch-blob@3.2.0 want: ^3.0.3
79 silly placeDep ROOT p-timeout@5.1.0 OK for: p-wait-for@4.1.0 want: ^5.0.0
80 silly reify moves {}
81 silly audit bulk request {
81 silly audit   '@mongodb-js/saslprep': [ '1.1.9' ],
81 silly audit   '@popperjs/core': [ '2.11.8' ],
81 silly audit   '@types/webidl-conversions': [ '7.0.3' ],
81 silly audit   '@types/whatwg-url': [ '11.0.5' ],
81 silly audit   accepts: [ '1.3.8' ],
81 silly audit   'ansi-styles': [ '4.3.0' ],
81 silly audit   anymatch: [ '3.1.3' ],
81 silly audit   archetype: [ '0.13.1' ],
81 silly audit   'array-flatten': [ '1.1.1' ],
81 silly audit   async: [ '3.2.6' ],
81 silly audit   'balanced-match': [ '1.0.2' ],
81 silly audit   bcryptjs: [ '2.4.3' ],
81 silly audit   'binary-extensions': [ '2.3.0' ],
81 silly audit   'body-parser': [ '1.20.3' ],
81 silly audit   bootstrap: [ '5.3.3' ],
81 silly audit   'brace-expansion': [ '1.1.11', '2.0.1' ],
81 silly audit   braces: [ '3.0.3' ],
81 silly audit   bson: [ '6.10.1' ],
81 silly audit   'buffer-equal-constant-time': [ '1.0.1' ],
81 silly audit   bytes: [ '3.1.2' ],
81 silly audit   'call-bind-apply-helpers': [ '1.0.1' ],
81 silly audit   'call-bound': [ '1.0.3' ],
81 silly audit   chalk: [ '4.1.2' ],
81 silly audit   chokidar: [ '3.6.0' ],
81 silly audit   'color-convert': [ '2.0.1' ],
81 silly audit   'color-name': [ '1.1.4' ],
81 silly audit   'concat-map': [ '0.0.1' ],
81 silly audit   'connect-flash': [ '0.1.1' ],
81 silly audit   'connect-mongodb-session': [ '5.0.0' ],
81 silly audit   'content-disposition': [ '0.5.4' ],
81 silly audit   'content-type': [ '1.0.5' ],
81 silly audit   cookie: [ '0.7.1', '0.7.2' ],
81 silly audit   'cookie-signature': [ '1.0.6', '1.0.7' ],
81 silly audit   debug: [ '2.6.9', '3.1.0', '4.4.0' ],
81 silly audit   depd: [ '2.0.0' ],
81 silly audit   destroy: [ '1.2.0' ],
81 silly audit   dotenv: [ '16.4.7' ],
81 silly audit   'dunder-proto': [ '1.0.0' ],
81 silly audit   'ecdsa-sig-formatter': [ '1.0.11' ],
81 silly audit   'ee-first': [ '1.1.1' ],
81 silly audit   ejs: [ '3.1.10' ],
81 silly audit   encodeurl: [ '2.0.0', '1.0.2' ],
81 silly audit   'es-define-property': [ '1.0.1' ],
81 silly audit   'es-errors': [ '1.3.0' ],
81 silly audit   'es-object-atoms': [ '1.0.0' ],
81 silly audit   'escape-html': [ '1.0.3' ],
81 silly audit   etag: [ '1.8.1' ],
81 silly audit   express: [ '4.21.2' ],
81 silly audit   'express-rate-limit': [ '7.5.0' ],
81 silly audit   'express-session': [ '1.18.1' ],
81 silly audit   filelist: [ '1.0.4' ],
81 silly audit   minimatch: [ '5.1.6', '3.1.2' ],
81 silly audit   'fill-range': [ '7.1.1' ],
81 silly audit   finalhandler: [ '1.3.1' ],
81 silly audit   forwarded: [ '0.2.0' ],
81 silly audit   fresh: [ '0.5.2' ],
81 silly audit   fsevents: [ '2.3.3' ],
81 silly audit   'function-bind': [ '1.1.2' ],
81 silly audit   'get-intrinsic': [ '1.2.6' ],
81 silly audit   'glob-parent': [ '5.1.2' ],
81 silly audit   gopd: [ '1.2.0' ],
81 silly audit   'has-flag': [ '4.0.0', '3.0.0' ],
81 silly audit   'has-symbols': [ '1.1.0' ],
81 silly audit   hasown: [ '2.0.2' ],
81 silly audit   'http-errors': [ '2.0.0' ],
81 silly audit   'iconv-lite': [ '0.4.24' ],
81 silly audit   'ignore-by-default': [ '1.0.1' ],
81 silly audit   inherits: [ '2.0.4' ],
81 silly audit   'ipaddr.js': [ '1.9.1' ],
81 silly audit   'is-binary-path': [ '2.1.0' ],
81 silly audit   'is-extglob': [ '2.1.1' ],
81 silly audit   'is-glob': [ '4.0.3' ],
81 silly audit   'is-number': [ '7.0.0' ],
81 silly audit   jake: [ '10.9.2' ],
81 silly audit   jsonwebtoken: [ '9.0.2' ],
81 silly audit   ms: [ '2.1.3', '2.0.0' ],
81 silly audit   jwa: [ '1.4.1' ],
81 silly audit   jws: [ '3.2.2' ],
81 silly audit   kareem: [ '2.6.3' ],
81 silly audit   lodash: [ '4.17.21' ],
81 silly audit   'lodash.includes': [ '4.3.0' ],
81 silly audit   'lodash.isboolean': [ '3.0.3' ],
81 silly audit   'lodash.isinteger': [ '4.0.4' ],
81 silly audit   'lodash.isnumber': [ '3.0.3' ],
81 silly audit   'lodash.isplainobject': [ '4.0.6' ],
81 silly audit   'lodash.isstring': [ '4.0.1' ],
81 silly audit   'lodash.once': [ '4.1.1' ],
81 silly audit   'lodash.sortby': [ '4.7.0' ],
81 silly audit   'math-intrinsics': [ '1.0.0' ],
81 silly audit   'media-typer': [ '0.3.0' ],
81 silly audit   'memory-pager': [ '1.5.0' ],
81 silly audit   'merge-descriptors': [ '1.0.3' ],
81 silly audit   'method-override': [ '3.0.0' ],
81 silly audit   methods: [ '1.1.2' ],
81 silly audit   mime: [ '1.6.0' ],
81 silly audit   'mime-db': [ '1.52.0' ],
81 silly audit   'mime-types': [ '2.1.35' ],
81 silly audit   mongodb: [ '6.12.0' ],
81 silly audit   'mongodb-connection-string-url': [ '3.0.1' ],
81 silly audit   mongoose: [ '8.9.1' ],
81 silly audit   mpath: [ '0.9.0', '0.8.4' ],
81 silly audit   mquery: [ '5.0.0' ],
81 silly audit   negotiator: [ '0.6.3' ],
81 silly audit   nodemon: [ '3.1.9' ],
81 silly audit   'supports-color': [ '5.5.0', '7.2.0' ],
81 silly audit   'normalize-path': [ '3.0.0' ],
81 silly audit   'object-inspect': [ '1.13.3' ],
81 silly audit   'on-finished': [ '2.4.1' ],
81 silly audit   'on-headers': [ '1.0.2' ],
81 silly audit   parseurl: [ '1.3.3' ],
81 silly audit   passport: [ '0.7.0' ],
81 silly audit   'passport-local': [ '1.0.0' ],
81 silly audit   'passport-strategy': [ '1.0.0' ],
81 silly audit   'path-to-regexp': [ '0.1.12' ],
81 silly audit   pause: [ '0.0.1' ],
81 silly audit   picomatch: [ '2.3.1' ],
81 silly audit   'proxy-addr': [ '2.0.7' ],
81 silly audit   'pstree.remy': [ '1.1.8' ],
81 silly audit   punycode: [ '2.3.1' ],
81 silly audit   qs: [ '6.13.0' ],
81 silly audit   'random-bytes': [ '1.0.0' ],
81 silly audit   'range-parser': [ '1.2.1' ],
81 silly audit   'raw-body': [ '2.5.2' ],
81 silly audit   readdirp: [ '3.6.0' ],
81 silly audit   'safe-buffer': [ '5.2.1' ],
81 silly audit   'safer-buffer': [ '2.1.2' ],
81 silly audit   semver: [ '7.6.3' ],
81 silly audit   send: [ '0.19.0' ],
81 silly audit   'serve-static': [ '1.16.2' ],
81 silly audit   setprototypeof: [ '1.2.0' ],
81 silly audit   'side-channel': [ '1.1.0' ],
81 silly audit   'side-channel-list': [ '1.0.0' ],
81 silly audit   'side-channel-map': [ '1.0.1' ],
81 silly audit   'side-channel-weakmap': [ '1.0.2' ],
81 silly audit   sift: [ '17.1.3' ],
81 silly audit   'simple-update-notifier': [ '2.0.0' ],
81 silly audit   'sparse-bitfield': [ '3.0.3' ],
81 silly audit   statuses: [ '2.0.1' ],
81 silly audit   'to-regex-range': [ '5.0.1' ],
81 silly audit   toidentifier: [ '1.0.1' ],
81 silly audit   touch: [ '3.1.1' ],
81 silly audit   tr46: [ '4.1.1', '1.0.1' ],
81 silly audit   'type-is': [ '1.6.18' ],
81 silly audit   'uid-safe': [ '2.1.5' ],
81 silly audit   undefsafe: [ '2.0.5' ],
81 silly audit   unpipe: [ '1.0.0' ],
81 silly audit   unpkg: [ '0.2.0' ],
81 silly audit   'webidl-conversions': [ '4.0.2', '7.0.0' ],
81 silly audit   'whatwg-url': [ '6.5.0', '13.0.0' ],
81 silly audit   'utils-merge': [ '1.0.1' ],
81 silly audit   vary: [ '1.1.2' ],
81 silly audit   netlify: [ '13.2.0' ],
81 silly audit   '@netlify/open-api': [ '2.35.0' ],
81 silly audit   'lodash-es': [ '4.17.21' ],
81 silly audit   'micro-api-client': [ '3.3.0' ],
81 silly audit   'node-fetch': [ '3.3.2' ],
81 silly audit   'omit.js': [ '2.0.2' ],
81 silly audit   'p-wait-for': [ '4.1.0' ],
81 silly audit   'data-uri-to-buffer': [ '4.0.1' ],
81 silly audit   'fetch-blob': [ '3.2.0' ],
81 silly audit   'formdata-polyfill': [ '4.0.10' ],
81 silly audit   'node-domexception': [ '1.0.0' ],
81 silly audit   'web-streams-polyfill': [ '3.3.3' ],
81 silly audit   'p-timeout': [ '5.1.0' ]
81 silly audit }
82 verbose reify failed optional dependency /data/data/com.termux/files/home/node_modules/fsevents
83 silly reify mark deleted [ '/data/data/com.termux/files/home/node_modules/fsevents' ]
84 silly tarball no local data for web-streams-polyfill@https://registry.npmjs.org/web-streams-polyfill/-/web-streams-polyfill-3.3.3.tgz. Extracting by manifest.
85 silly tarball no local data for fetch-blob@https://registry.npmjs.org/fetch-blob/-/fetch-blob-3.2.0.tgz. Extracting by manifest.
86 silly tarball no local data for data-uri-to-buffer@https://registry.npmjs.org/data-uri-to-buffer/-/data-uri-to-buffer-4.0.1.tgz. Extracting by manifest.
87 http fetch GET 200 https://registry.npmjs.org/data-uri-to-buffer/-/data-uri-to-buffer-4.0.1.tgz 224ms (cache miss)
88 http fetch GET 200 https://registry.npmjs.org/fetch-blob/-/fetch-blob-3.2.0.tgz 236ms (cache miss)
89 http fetch POST 200 https://registry.npmjs.org/-/npm/v1/security/advisories/bulk 936ms
90 silly audit report {}
91 http fetch GET 200 https://registry.npmjs.org/web-streams-polyfill/-/web-streams-polyfill-3.3.3.tgz 1062ms (cache miss)
92 silly ADD node_modules/p-timeout
93 silly ADD node_modules/web-streams-polyfill
94 silly ADD node_modules/node-domexception
95 silly ADD node_modules/formdata-polyfill
96 silly ADD node_modules/fetch-blob
97 silly ADD node_modules/data-uri-to-buffer
98 silly ADD node_modules/p-wait-for
99 silly ADD node_modules/omit.js
100 silly ADD node_modules/node-fetch
101 silly ADD node_modules/micro-api-client
102 silly ADD node_modules/lodash-es
103 silly ADD node_modules/@netlify/open-api
104 silly ADD node_modules/netlify
105 silly ADD
106 verbose cwd /data/data/com.termux/files/home
107 verbose os Linux 4.14.186+
108 verbose node v22.9.0
109 verbose npm  v10.8.3
110 verbose exit 0
111 info ok
