0 verbose cli /data/data/com.termux/files/usr/bin/node /data/data/com.termux/files/usr/bin/npm
1 info using npm@10.8.3
2 info using node@v22.9.0
3 silly config load:file:/data/data/com.termux/files/usr/lib/node_modules/npm/npmrc
4 silly config load:file:/storage/emulated/0/html css js/project table/dist/.npmrc
5 silly config load:file:/data/data/com.termux/files/home/.npmrc
6 silly config load:file:/data/data/com.termux/files/usr/etc/npmrc
7 verbose title npm i git
8 verbose argv "i" "git"
9 verbose logfile logs-max:10 dir:/data/data/com.termux/files/home/.npm/_logs/2024-12-26T12_47_33_952Z-
10 verbose logfile /data/data/com.termux/files/home/.npm/_logs/2024-12-26T12_47_33_952Z-debug-0.log
11 silly packumentCache heap:1098907648 maxSize:274726912 maxEntrySize:137363456
12 silly logfile start cleaning logs, removing 1 files
13 silly logfile done cleaning log files
14 silly idealTree buildDeps
15 silly fetch manifest git@*
16 silly packumentCache full:https://registry.npmjs.org/git cache-miss
17 http fetch GET 200 https://registry.npmjs.org/git 1461ms (cache miss)
18 silly packumentCache full:https://registry.npmjs.org/git set size:undefined disposed:false
19 silly placeDep ROOT git@0.1.5 OK for:  want: *
20 silly fetch manifest mime@1.2.9
21 silly packumentCache full:https://registry.npmjs.org/mime cache-miss
22 http fetch GET 200 https://registry.npmjs.org/mime 202ms (cache updated)
23 silly packumentCache full:https://registry.npmjs.org/mime set size:undefined disposed:false
24 silly placeDep ROOT mime@1.2.9 OK for: git@0.1.5 want: 1.2.9
25 silly reify moves {}
26 silly tarball no local data for mime@https://registry.npmjs.org/mime/-/mime-1.2.9.tgz. Extracting by manifest.
27 silly tarball no local data for git@https://registry.npmjs.org/git/-/git-0.1.5.tgz. Extracting by manifest.
28 warn tar TAR_ENTRY_ERROR EPERM: operation not permitted, open '/storage/emulated/0/html css js/project table/dist/node_modules/mime/package.json'
29 silly tar TAR_ENTRY_ERROR EPERM: operation not permitted, open '/storage/emulated/0/html css js/project table/dist/node_modules/mime/package.json' [Error: EPERM: operation not permitted, open '/storage/emulated/0/html css js/project table/dist/node_modules/mime/package.json'] {
29 silly tar   errno: -1,
29 silly tar   code: 'EPERM',
29 silly tar   syscall: 'open',
29 silly tar   path: '/storage/emulated/0/html css js/project table/dist/node_modules/mime/package.json',
29 silly tar   entry: ReadEntry {
29 silly tar     _events: [Object: null prototype] {},
29 silly tar     _eventsCount: 0,
29 silly tar     _maxListeners: undefined,
29 silly tar     writable: false,
29 silly tar     readable: false,
29 silly tar     extended: Pax {
29 silly tar       atime: null,
29 silly tar       charset: null,
29 silly tar       comment: null,
29 silly tar       ctime: null,
29 silly tar       gid: 1876110778,
29 silly tar       gname: null,
29 silly tar       linkpath: null,
29 silly tar       mtime: null,
29 silly tar       path: 'package/package.json',
29 silly tar       size: 567,
29 silly tar       uid: 53754678,
29 silly tar       uname: null,
29 silly tar       dev: 16777220,
29 silly tar       ino: 182699973,
29 silly tar       nlink: 1,
29 silly tar       global: false
29 silly tar     },
29 silly tar     globalExtended: null,
29 silly tar     header: Header {
29 silly tar       cksumValid: true,
29 silly tar       needPax: false,
29 silly tar       nullBlock: false,
29 silly tar       block: null,
29 silly tar       path: 'package/package.json',
29 silly tar       mode: 420,
29 silly tar       uid: 53754678,
29 silly tar       gid: 1876110778,
29 silly tar       size: 567,
29 silly tar       mtime: 2013-01-17T17:00:09.000Z,
29 silly tar       cksum: 5744,
29 silly tar       linkpath: '',
29 silly tar       uname: '',
29 silly tar       gname: '',
29 silly tar       devmaj: 0,
29 silly tar       devmin: 0,
29 silly tar       atime: null,
29 silly tar       ctime: null,
29 silly tar       dev: 16777220,
29 silly tar       ino: 182699973,
29 silly tar       nlink: 1,
29 silly tar       global: false,
29 silly tar       [Symbol(type)]: '0'
29 silly tar     },
29 silly tar     startBlockSize: 1024,
29 silly tar     blockRemain: 0,
29 silly tar     remain: 0,
29 silly tar     type: 'File',
29 silly tar     meta: false,
29 silly tar     ignore: false,
29 silly tar     path: 'package.json',
29 silly tar     mode: 438,
29 silly tar     uid: 53754678,
29 silly tar     gid: 1876110778,
29 silly tar     uname: '',
29 silly tar     gname: '',
29 silly tar     size: 567,
29 silly tar     mtime: 2013-01-17T17:00:09.000Z,
29 silly tar     atime: null,
29 silly tar     ctime: null,
29 silly tar     linkpath: '',
29 silly tar     dev: 16777220,
29 silly tar     ino: 182699973,
29 silly tar     nlink: 1,
29 silly tar     global: false,
29 silly tar     absolute: '/storage/emulated/0/html css js/project table/dist/node_modules/mime/package.json',
29 silly tar     [Symbol(shapeMode)]: false,
29 silly tar     [Symbol(kCapture)]: false,
29 silly tar     [Symbol(flowing)]: false,
29 silly tar     [Symbol(paused)]: true,
29 silly tar     [Symbol(pipes)]: [ [Pipe] ],
29 silly tar     [Symbol(buffer)]: [],
29 silly tar     [Symbol(objectMode)]: false,
29 silly tar     [Symbol(encoding)]: null,
29 silly tar     [Symbol(async)]: false,
29 silly tar     [Symbol(decoder)]: null,
29 silly tar     [Symbol(EOF)]: true,
29 silly tar     [Symbol(emittedEnd)]: true,
29 silly tar     [Symbol(emittingEnd)]: false,
29 silly tar     [Symbol(closed)]: false,
29 silly tar     [Symbol(emittedError)]: null,
29 silly tar     [Symbol(bufferLength)]: 0,
29 silly tar     [Symbol(destroyed)]: false,
29 silly tar     [Symbol(signal)]: undefined,
29 silly tar     [Symbol(aborted)]: false
29 silly tar   },
29 silly tar   cwd: '/storage/emulated/0/html css js/project table/dist/node_modules/mime',
29 silly tar   tarCode: 'TAR_ENTRY_ERROR'
29 silly tar }
30 warn tar TAR_ENTRY_ERROR EPERM: operation not permitted, open '/storage/emulated/0/html css js/project table/dist/node_modules/mime/README.md'
31 silly tar TAR_ENTRY_ERROR EPERM: operation not permitted, open '/storage/emulated/0/html css js/project table/dist/node_modules/mime/README.md' [Error: EPERM: operation not permitted, open '/storage/emulated/0/html css js/project table/dist/node_modules/mime/README.md'] {
31 silly tar   errno: -1,
31 silly tar   code: 'EPERM',
31 silly tar   syscall: 'open',
31 silly tar   path: '/storage/emulated/0/html css js/project table/dist/node_modules/mime/README.md',
31 silly tar   entry: ReadEntry {
31 silly tar     _events: [Object: null prototype] { end: [Function (anonymous)] },
31 silly tar     _eventsCount: 1,
31 silly tar     _maxListeners: undefined,
31 silly tar     writable: false,
31 silly tar     readable: true,
31 silly tar     extended: Pax {
31 silly tar       atime: null,
31 silly tar       charset: null,
31 silly tar       comment: null,
31 silly tar       ctime: null,
31 silly tar       gid: 1876110778,
31 silly tar       gname: null,
31 silly tar       linkpath: null,
31 silly tar       mtime: null,
31 silly tar       path: 'package/README.md',
31 silly tar       size: 2017,
31 silly tar       uid: 53754678,
31 silly tar       uname: null,
31 silly tar       dev: 16777220,
31 silly tar       ino: 182699974,
31 silly tar       nlink: 1,
31 silly tar       global: false
31 silly tar     },
31 silly tar     globalExtended: null,
31 silly tar     header: Header {
31 silly tar       cksumValid: true,
31 silly tar       needPax: false,
31 silly tar       nullBlock: false,
31 silly tar       block: null,
31 silly tar       path: 'package/README.md',
31 silly tar       mode: 420,
31 silly tar       uid: 53754678,
31 silly tar       gid: 1876110778,
31 silly tar       size: 2017,
31 silly tar       mtime: 2012-07-19T17:49:45.000Z,
31 silly tar       cksum: 5438,
31 silly tar       linkpath: '',
31 silly tar       uname: '',
31 silly tar       gname: '',
31 silly tar       devmaj: 0,
31 silly tar       devmin: 0,
31 silly tar       atime: null,
31 silly tar       ctime: null,
31 silly tar       dev: 16777220,
31 silly tar       ino: 182699974,
31 silly tar       nlink: 1,
31 silly tar       global: false,
31 silly tar       [Symbol(type)]: '0'
31 silly tar     },
31 silly tar     startBlockSize: 2048,
31 silly tar     blockRemain: 0,
31 silly tar     remain: 0,
31 silly tar     type: 'File',
31 silly tar     meta: false,
31 silly tar     ignore: false,
31 silly tar     path: 'README.md',
31 silly tar     mode: 438,
31 silly tar     uid: 53754678,
31 silly tar     gid: 1876110778,
31 silly tar     uname: '',
31 silly tar     gname: '',
31 silly tar     size: 2017,
31 silly tar     mtime: 2012-07-19T17:49:45.000Z,
31 silly tar     atime: null,
31 silly tar     ctime: null,
31 silly tar     linkpath: '',
31 silly tar     dev: 16777220,
31 silly tar     ino: 182699974,
31 silly tar     nlink: 1,
31 silly tar     global: false,
31 silly tar     absolute: '/storage/emulated/0/html css js/project table/dist/node_modules/mime/README.md',
31 silly tar     [Symbol(shapeMode)]: false,
31 silly tar     [Symbol(kCapture)]: false,
31 silly tar     [Symbol(flowing)]: false,
31 silly tar     [Symbol(paused)]: true,
31 silly tar     [Symbol(pipes)]: [ [Pipe] ],
31 silly tar     [Symbol(buffer)]: [
31 silly tar       <Buffer 74 2d 73 74 72 65 61 6d 27 29 3b 20 20 2f 2f 20 3d 3e 20 27 62 69 6e 27 0a 0a 23 23 23 20 6d 69 6d 65 2e 63 68 61 72 73 65 74 73 2e 6c 6f 6f 6b 75 70 ... 1052 more bytes>
31 silly tar     ],
31 silly tar     [Symbol(objectMode)]: false,
31 silly tar     [Symbol(encoding)]: null,
31 silly tar     [Symbol(async)]: false,
31 silly tar     [Symbol(decoder)]: null,
31 silly tar     [Symbol(EOF)]: true,
31 silly tar     [Symbol(emittedEnd)]: false,
31 silly tar     [Symbol(emittingEnd)]: false,
31 silly tar     [Symbol(closed)]: false,
31 silly tar     [Symbol(emittedError)]: null,
31 silly tar     [Symbol(bufferLength)]: 1102,
31 silly tar     [Symbol(destroyed)]: false,
31 silly tar     [Symbol(signal)]: undefined,
31 silly tar     [Symbol(aborted)]: false
31 silly tar   },
31 silly tar   cwd: '/storage/emulated/0/html css js/project table/dist/node_modules/mime',
31 silly tar   tarCode: 'TAR_ENTRY_ERROR'
31 silly tar }
32 warn tar TAR_ENTRY_ERROR EPERM: operation not permitted, open '/storage/emulated/0/html css js/project table/dist/node_modules/mime/LICENSE'
33 silly tar TAR_ENTRY_ERROR EPERM: operation not permitted, open '/storage/emulated/0/html css js/project table/dist/node_modules/mime/LICENSE' [Error: EPERM: operation not permitted, open '/storage/emulated/0/html css js/project table/dist/node_modules/mime/LICENSE'] {
33 silly tar   errno: -1,
33 silly tar   code: 'EPERM',
33 silly tar   syscall: 'open',
33 silly tar   path: '/storage/emulated/0/html css js/project table/dist/node_modules/mime/LICENSE',
33 silly tar   entry: ReadEntry {
33 silly tar     _events: [Object: null prototype] {},
33 silly tar     _eventsCount: 0,
33 silly tar     _maxListeners: undefined,
33 silly tar     writable: false,
33 silly tar     readable: false,
33 silly tar     extended: Pax {
33 silly tar       atime: null,
33 silly tar       charset: null,
33 silly tar       comment: null,
33 silly tar       ctime: null,
33 silly tar       gid: 1876110778,
33 silly tar       gname: null,
33 silly tar       linkpath: null,
33 silly tar       mtime: null,
33 silly tar       path: 'package/LICENSE',
33 silly tar       size: 1075,
33 silly tar       uid: 53754678,
33 silly tar       uname: null,
33 silly tar       dev: 16777220,
33 silly tar       ino: 182699975,
33 silly tar       nlink: 1,
33 silly tar       global: false
33 silly tar     },
33 silly tar     globalExtended: null,
33 silly tar     header: Header {
33 silly tar       cksumValid: true,
33 silly tar       needPax: false,
33 silly tar       nullBlock: false,
33 silly tar       block: null,
33 silly tar       path: 'package/LICENSE',
33 silly tar       mode: 420,
33 silly tar       uid: 53754678,
33 silly tar       gid: 1876110778,
33 silly tar       size: 1075,
33 silly tar       mtime: 2011-05-10T15:07:08.000Z,
33 silly tar       cksum: 5372,
33 silly tar       linkpath: '',
33 silly tar       uname: '',
33 silly tar       gname: '',
33 silly tar       devmaj: 0,
33 silly tar       devmin: 0,
33 silly tar       atime: null,
33 silly tar       ctime: null,
33 silly tar       dev: 16777220,
33 silly tar       ino: 182699975,
33 silly tar       nlink: 1,
33 silly tar       global: false,
33 silly tar       [Symbol(type)]: '0'
33 silly tar     },
33 silly tar     startBlockSize: 1536,
33 silly tar     blockRemain: 0,
33 silly tar     remain: 0,
33 silly tar     type: 'File',
33 silly tar     meta: false,
33 silly tar     ignore: false,
33 silly tar     path: 'LICENSE',
33 silly tar     mode: 438,
33 silly tar     uid: 53754678,
33 silly tar     gid: 1876110778,
33 silly tar     uname: '',
33 silly tar     gname: '',
33 silly tar     size: 1075,
33 silly tar     mtime: 2011-05-10T15:07:08.000Z,
33 silly tar     atime: null,
33 silly tar     ctime: null,
33 silly tar     linkpath: '',
33 silly tar     dev: 16777220,
33 silly tar     ino: 182699975,
33 silly tar     nlink: 1,
33 silly tar     global: false,
33 silly tar     absolute: '/storage/emulated/0/html css js/project table/dist/node_modules/mime/LICENSE',
33 silly tar     [Symbol(shapeMode)]: false,
33 silly tar     [Symbol(kCapture)]: false,
33 silly tar     [Symbol(flowing)]: false,
33 silly tar     [Symbol(paused)]: true,
33 silly tar     [Symbol(pipes)]: [ [Pipe] ],
33 silly tar     [Symbol(buffer)]: [],
33 silly tar     [Symbol(objectMode)]: false,
33 silly tar     [Symbol(encoding)]: null,
33 silly tar     [Symbol(async)]: false,
33 silly tar     [Symbol(decoder)]: null,
33 silly tar     [Symbol(EOF)]: true,
33 silly tar     [Symbol(emittedEnd)]: true,
33 silly tar     [Symbol(emittingEnd)]: false,
33 silly tar     [Symbol(closed)]: false,
33 silly tar     [Symbol(emittedError)]: null,
33 silly tar     [Symbol(bufferLength)]: 0,
33 silly tar     [Symbol(destroyed)]: false,
33 silly tar     [Symbol(signal)]: undefined,
33 silly tar     [Symbol(aborted)]: false
33 silly tar   },
33 silly tar   cwd: '/storage/emulated/0/html css js/project table/dist/node_modules/mime',
33 silly tar   tarCode: 'TAR_ENTRY_ERROR'
33 silly tar }
34 warn tar TAR_ENTRY_ERROR EPERM: operation not permitted, open '/storage/emulated/0/html css js/project table/dist/node_modules/mime/mime.js'
35 silly tar TAR_ENTRY_ERROR EPERM: operation not permitted, open '/storage/emulated/0/html css js/project table/dist/node_modules/mime/mime.js' [Error: EPERM: operation not permitted, open '/storage/emulated/0/html css js/project table/dist/node_modules/mime/mime.js'] {
35 silly tar   errno: -1,
35 silly tar   code: 'EPERM',
35 silly tar   syscall: 'open',
35 silly tar   path: '/storage/emulated/0/html css js/project table/dist/node_modules/mime/mime.js',
35 silly tar   entry: ReadEntry {
35 silly tar     _events: [Object: null prototype] {},
35 silly tar     _eventsCount: 0,
35 silly tar     _maxListeners: undefined,
35 silly tar     writable: false,
35 silly tar     readable: false,
35 silly tar     extended: Pax {
35 silly tar       atime: null,
35 silly tar       charset: null,
35 silly tar       comment: null,
35 silly tar       ctime: null,
35 silly tar       gid: 1876110778,
35 silly tar       gname: null,
35 silly tar       linkpath: null,
35 silly tar       mtime: null,
35 silly tar       path: 'package/mime.js',
35 silly tar       size: 2790,
35 silly tar       uid: 53754678,
35 silly tar       uname: null,
35 silly tar       dev: 16777220,
35 silly tar       ino: 182699976,
35 silly tar       nlink: 1,
35 silly tar       global: false
35 silly tar     },
35 silly tar     globalExtended: null,
35 silly tar     header: Header {
35 silly tar       cksumValid: true,
35 silly tar       needPax: false,
35 silly tar       nullBlock: false,
35 silly tar       block: null,
35 silly tar       path: 'package/mime.js',
35 silly tar       mode: 420,
35 silly tar       uid: 53754678,
35 silly tar       gid: 1876110778,
35 silly tar       size: 2790,
35 silly tar       mtime: 2013-01-17T16:59:56.000Z,
35 silly tar       cksum: 5358,
35 silly tar       linkpath: '',
35 silly tar       uname: '',
35 silly tar       gname: '',
35 silly tar       devmaj: 0,
35 silly tar       devmin: 0,
35 silly tar       atime: null,
35 silly tar       ctime: null,
35 silly tar       dev: 16777220,
35 silly tar       ino: 182699976,
35 silly tar       nlink: 1,
35 silly tar       global: false,
35 silly tar       [Symbol(type)]: '0'
35 silly tar     },
35 silly tar     startBlockSize: 3072,
35 silly tar     blockRemain: 0,
35 silly tar     remain: 0,
35 silly tar     type: 'File',
35 silly tar     meta: false,
35 silly tar     ignore: false,
35 silly tar     path: 'mime.js',
35 silly tar     mode: 438,
35 silly tar     uid: 53754678,
35 silly tar     gid: 1876110778,
35 silly tar     uname: '',
35 silly tar     gname: '',
35 silly tar     size: 2790,
35 silly tar     mtime: 2013-01-17T16:59:56.000Z,
35 silly tar     atime: null,
35 silly tar     ctime: null,
35 silly tar     linkpath: '',
35 silly tar     dev: 16777220,
35 silly tar     ino: 182699976,
35 silly tar     nlink: 1,
35 silly tar     global: false,
35 silly tar     absolute: '/storage/emulated/0/html css js/project table/dist/node_modules/mime/mime.js',
35 silly tar     [Symbol(shapeMode)]: false,
35 silly tar     [Symbol(kCapture)]: false,
35 silly tar     [Symbol(flowing)]: false,
35 silly tar     [Symbol(paused)]: true,
35 silly tar     [Symbol(pipes)]: [ [Pipe] ],
35 silly tar     [Symbol(buffer)]: [],
35 silly tar     [Symbol(objectMode)]: false,
35 silly tar     [Symbol(encoding)]: null,
35 silly tar     [Symbol(async)]: false,
35 silly tar     [Symbol(decoder)]: null,
35 silly tar     [Symbol(EOF)]: true,
35 silly tar     [Symbol(emittedEnd)]: true,
35 silly tar     [Symbol(emittingEnd)]: false,
35 silly tar     [Symbol(closed)]: false,
35 silly tar     [Symbol(emittedError)]: null,
35 silly tar     [Symbol(bufferLength)]: 0,
35 silly tar     [Symbol(destroyed)]: false,
35 silly tar     [Symbol(signal)]: undefined,
35 silly tar     [Symbol(aborted)]: false
35 silly tar   },
35 silly tar   cwd: '/storage/emulated/0/html css js/project table/dist/node_modules/mime',
35 silly tar   tarCode: 'TAR_ENTRY_ERROR'
35 silly tar }
36 warn tar TAR_ENTRY_ERROR EPERM: operation not permitted, open '/storage/emulated/0/html css js/project table/dist/node_modules/mime/test.js'
37 silly tar TAR_ENTRY_ERROR EPERM: operation not permitted, open '/storage/emulated/0/html css js/project table/dist/node_modules/mime/test.js' [Error: EPERM: operation not permitted, open '/storage/emulated/0/html css js/project table/dist/node_modules/mime/test.js'] {
37 silly tar   errno: -1,
37 silly tar   code: 'EPERM',
37 silly tar   syscall: 'open',
37 silly tar   path: '/storage/emulated/0/html css js/project table/dist/node_modules/mime/test.js',
37 silly tar   entry: ReadEntry {
37 silly tar     _events: [Object: null prototype] { end: [Function (anonymous)] },
37 silly tar     _eventsCount: 1,
37 silly tar     _maxListeners: undefined,
37 silly tar     writable: false,
37 silly tar     readable: true,
37 silly tar     extended: Pax {
37 silly tar       atime: null,
37 silly tar       charset: null,
37 silly tar       comment: null,
37 silly tar       ctime: null,
37 silly tar       gid: 1876110778,
37 silly tar       gname: null,
37 silly tar       linkpath: null,
37 silly tar       mtime: null,
37 silly tar       path: 'package/test.js',
37 silly tar       size: 1443,
37 silly tar       uid: 53754678,
37 silly tar       uname: null,
37 silly tar       dev: 16777220,
37 silly tar       ino: 182699977,
37 silly tar       nlink: 1,
37 silly tar       global: false
37 silly tar     },
37 silly tar     globalExtended: null,
37 silly tar     header: Header {
37 silly tar       cksumValid: true,
37 silly tar       needPax: false,
37 silly tar       nullBlock: false,
37 silly tar       block: null,
37 silly tar       path: 'package/test.js',
37 silly tar       mode: 420,
37 silly tar       uid: 53754678,
37 silly tar       gid: 1876110778,
37 silly tar       size: 1443,
37 silly tar       mtime: 2012-07-19T17:49:45.000Z,
37 silly tar       cksum: 5434,
37 silly tar       linkpath: '',
37 silly tar       uname: '',
37 silly tar       gname: '',
37 silly tar       devmaj: 0,
37 silly tar       devmin: 0,
37 silly tar       atime: null,
37 silly tar       ctime: null,
37 silly tar       dev: 16777220,
37 silly tar       ino: 182699977,
37 silly tar       nlink: 1,
37 silly tar       global: false,
37 silly tar       [Symbol(type)]: '0'
37 silly tar     },
37 silly tar     startBlockSize: 1536,
37 silly tar     blockRemain: 0,
37 silly tar     remain: 0,
37 silly tar     type: 'File',
37 silly tar     meta: false,
37 silly tar     ignore: false,
37 silly tar     path: 'test.js',
37 silly tar     mode: 438,
37 silly tar     uid: 53754678,
37 silly tar     gid: 1876110778,
37 silly tar     uname: '',
37 silly tar     gname: '',
37 silly tar     size: 1443,
37 silly tar     mtime: 2012-07-19T17:49:45.000Z,
37 silly tar     atime: null,
37 silly tar     ctime: null,
37 silly tar     linkpath: '',
37 silly tar     dev: 16777220,
37 silly tar     ino: 182699977,
37 silly tar     nlink: 1,
37 silly tar     global: false,
37 silly tar     absolute: '/storage/emulated/0/html css js/project table/dist/node_modules/mime/test.js',
37 silly tar     [Symbol(shapeMode)]: false,
37 silly tar     [Symbol(kCapture)]: false,
37 silly tar     [Symbol(flowing)]: false,
37 silly tar     [Symbol(paused)]: true,
37 silly tar     [Symbol(pipes)]: [ [Pipe] ],
37 silly tar     [Symbol(buffer)]: [
37 silly tar       <Buffer 65 27 29 29 3b 0a 65 71 28 27 66 61 6c 6c 62 61 63 6b 27 2c 20 6d 69 6d 65 2e 6c 6f 6f 6b 75 70 28 27 74 65 78 74 2e 66 61 6c 6c 62 61 63 6b 27 2c 20 ... 818 more bytes>
37 silly tar     ],
37 silly tar     [Symbol(objectMode)]: false,
37 silly tar     [Symbol(encoding)]: null,
37 silly tar     [Symbol(async)]: false,
37 silly tar     [Symbol(decoder)]: null,
37 silly tar     [Symbol(EOF)]: true,
37 silly tar     [Symbol(emittedEnd)]: false,
37 silly tar     [Symbol(emittingEnd)]: false,
37 silly tar     [Symbol(closed)]: false,
37 silly tar     [Symbol(emittedError)]: null,
37 silly tar     [Symbol(bufferLength)]: 868,
37 silly tar     [Symbol(destroyed)]: false,
37 silly tar     [Symbol(signal)]: undefined,
37 silly tar     [Symbol(aborted)]: false
37 silly tar   },
37 silly tar   cwd: '/storage/emulated/0/html css js/project table/dist/node_modules/mime',
37 silly tar   tarCode: 'TAR_ENTRY_ERROR'
37 silly tar }
38 warn tar TAR_ENTRY_ERROR EPERM: operation not permitted, open '/storage/emulated/0/html css js/project table/dist/node_modules/mime/types/mime.types'
39 silly tar TAR_ENTRY_ERROR EPERM: operation not permitted, open '/storage/emulated/0/html css js/project table/dist/node_modules/mime/types/mime.types' [Error: EPERM: operation not permitted, open '/storage/emulated/0/html css js/project table/dist/node_modules/mime/types/mime.types'] {
39 silly tar   errno: -1,
39 silly tar   code: 'EPERM',
39 silly tar   syscall: 'open',
39 silly tar   path: '/storage/emulated/0/html css js/project table/dist/node_modules/mime/types/mime.types',
39 silly tar   entry: ReadEntry {
39 silly tar     _events: [Object: null prototype] {
39 silly tar       end: [Function (anonymous)],
39 silly tar       drain: [Function]
39 silly tar     },
39 silly tar     _eventsCount: 2,
39 silly tar     _maxListeners: undefined,
39 silly tar     writable: true,
39 silly tar     readable: true,
39 silly tar     extended: Pax {
39 silly tar       atime: null,
39 silly tar       charset: null,
39 silly tar       comment: null,
39 silly tar       ctime: null,
39 silly tar       gid: 1876110778,
39 silly tar       gname: null,
39 silly tar       linkpath: null,
39 silly tar       mtime: null,
39 silly tar       path: 'package/types/mime.types',
39 silly tar       size: 53011,
39 silly tar       uid: 53754678,
39 silly tar       uname: null,
39 silly tar       dev: 16777220,
39 silly tar       ino: 182699979,
39 silly tar       nlink: 1,
39 silly tar       global: false
39 silly tar     },
39 silly tar     globalExtended: null,
39 silly tar     header: Header {
39 silly tar       cksumValid: true,
39 silly tar       needPax: false,
39 silly tar       nullBlock: false,
39 silly tar       block: null,
39 silly tar       path: 'package/types/mime.types',
39 silly tar       mode: 420,
39 silly tar       uid: 53754678,
39 silly tar       gid: 1876110778,
39 silly tar       size: 53011,
39 silly tar       mtime: 2012-05-07T01:35:38.000Z,
39 silly tar       cksum: 6313,
39 silly tar       linkpath: '',
39 silly tar       uname: '',
39 silly tar       gname: '',
39 silly tar       devmaj: 0,
39 silly tar       devmin: 0,
39 silly tar       atime: null,
39 silly tar       ctime: null,
39 silly tar       dev: 16777220,
39 silly tar       ino: 182699979,
39 silly tar       nlink: 1,
39 silly tar       global: false,
39 silly tar       [Symbol(type)]: '0'
39 silly tar     },
39 silly tar     startBlockSize: 53248,
39 silly tar     blockRemain: 44959,
39 silly tar     remain: 44722,
39 silly tar     type: 'File',
39 silly tar     meta: false,
39 silly tar     ignore: false,
39 silly tar     path: 'types/mime.types',
39 silly tar     mode: 438,
39 silly tar     uid: 53754678,
39 silly tar     gid: 1876110778,
39 silly tar     uname: '',
39 silly tar     gname: '',
39 silly tar     size: 53011,
39 silly tar     mtime: 2012-05-07T01:35:38.000Z,
39 silly tar     atime: null,
39 silly tar     ctime: null,
39 silly tar     linkpath: '',
39 silly tar     dev: 16777220,
39 silly tar     ino: 182699979,
39 silly tar     nlink: 1,
39 silly tar     global: false,
39 silly tar     absolute: '/storage/emulated/0/html css js/project table/dist/node_modules/mime/types/mime.types',
39 silly tar     [Symbol(shapeMode)]: false,
39 silly tar     [Symbol(kCapture)]: false,
39 silly tar     [Symbol(flowing)]: false,
39 silly tar     [Symbol(paused)]: true,
39 silly tar     [Symbol(pipes)]: [ [Pipe] ],
39 silly tar     [Symbol(buffer)]: [
39 silly tar       <Buffer 6b 70 6d 6c 2d 72 65 73 70 6f 6e 73 65 2b 78 6d 6c 0a 61 70 70 6c 69 63 61 74 69 6f 6e 2f 6c 6f 73 74 2b 78 6d 6c 09 09 09 09 6c 6f 73 74 78 6d 6c 0a ... 5046 more bytes>
39 silly tar     ],
39 silly tar     [Symbol(objectMode)]: false,
39 silly tar     [Symbol(encoding)]: null,
39 silly tar     [Symbol(async)]: false,
39 silly tar     [Symbol(decoder)]: null,
39 silly tar     [Symbol(EOF)]: false,
39 silly tar     [Symbol(emittedEnd)]: false,
39 silly tar     [Symbol(emittingEnd)]: false,
39 silly tar     [Symbol(closed)]: false,
39 silly tar     [Symbol(emittedError)]: null,
39 silly tar     [Symbol(bufferLength)]: 5096,
39 silly tar     [Symbol(destroyed)]: false,
39 silly tar     [Symbol(signal)]: undefined,
39 silly tar     [Symbol(aborted)]: false
39 silly tar   },
39 silly tar   cwd: '/storage/emulated/0/html css js/project table/dist/node_modules/mime',
39 silly tar   tarCode: 'TAR_ENTRY_ERROR'
39 silly tar }
40 warn tar TAR_ENTRY_ERROR EPERM: operation not permitted, open '/storage/emulated/0/html css js/project table/dist/node_modules/mime/types/node.types'
41 silly tar TAR_ENTRY_ERROR EPERM: operation not permitted, open '/storage/emulated/0/html css js/project table/dist/node_modules/mime/types/node.types' [Error: EPERM: operation not permitted, open '/storage/emulated/0/html css js/project table/dist/node_modules/mime/types/node.types'] {
41 silly tar   errno: -1,
41 silly tar   code: 'EPERM',
41 silly tar   syscall: 'open',
41 silly tar   path: '/storage/emulated/0/html css js/project table/dist/node_modules/mime/types/node.types',
41 silly tar   entry: ReadEntry {
41 silly tar     _events: [Object: null prototype] {},
41 silly tar     _eventsCount: 0,
41 silly tar     _maxListeners: undefined,
41 silly tar     writable: false,
41 silly tar     readable: false,
41 silly tar     extended: Pax {
41 silly tar       atime: null,
41 silly tar       charset: null,
41 silly tar       comment: null,
41 silly tar       ctime: null,
41 silly tar       gid: 1876110778,
41 silly tar       gname: null,
41 silly tar       linkpath: null,
41 silly tar       mtime: null,
41 silly tar       path: 'package/types/node.types',
41 silly tar       size: 1946,
41 silly tar       uid: 53754678,
41 silly tar       uname: null,
41 silly tar       dev: 16777220,
41 silly tar       ino: 182699980,
41 silly tar       nlink: 1,
41 silly tar       global: false
41 silly tar     },
41 silly tar     globalExtended: null,
41 silly tar     header: Header {
41 silly tar       cksumValid: true,
41 silly tar       needPax: false,
41 silly tar       nullBlock: false,
41 silly tar       block: null,
41 silly tar       path: 'package/types/node.types',
41 silly tar       mode: 420,
41 silly tar       uid: 53754678,
41 silly tar       gid: 1876110778,
41 silly tar       size: 1946,
41 silly tar       mtime: 2013-01-11T14:13:15.000Z,
41 silly tar       cksum: 6298,
41 silly tar       linkpath: '',
41 silly tar       uname: '',
41 silly tar       gname: '',
41 silly tar       devmaj: 0,
41 silly tar       devmin: 0,
41 silly tar       atime: null,
41 silly tar       ctime: null,
41 silly tar       dev: 16777220,
41 silly tar       ino: 182699980,
41 silly tar       nlink: 1,
41 silly tar       global: false,
41 silly tar       [Symbol(type)]: '0'
41 silly tar     },
41 silly tar     startBlockSize: 2048,
41 silly tar     blockRemain: 0,
41 silly tar     remain: 0,
41 silly tar     type: 'File',
41 silly tar     meta: false,
41 silly tar     ignore: false,
41 silly tar     path: 'types/node.types',
41 silly tar     mode: 438,
41 silly tar     uid: 53754678,
41 silly tar     gid: 1876110778,
41 silly tar     uname: '',
41 silly tar     gname: '',
41 silly tar     size: 1946,
41 silly tar     mtime: 2013-01-11T14:13:15.000Z,
41 silly tar     atime: null,
41 silly tar     ctime: null,
41 silly tar     linkpath: '',
41 silly tar     dev: 16777220,
41 silly tar     ino: 182699980,
41 silly tar     nlink: 1,
41 silly tar     global: false,
41 silly tar     absolute: '/storage/emulated/0/html css js/project table/dist/node_modules/mime/types/node.types',
41 silly tar     [Symbol(shapeMode)]: false,
41 silly tar     [Symbol(kCapture)]: false,
41 silly tar     [Symbol(flowing)]: false,
41 silly tar     [Symbol(paused)]: true,
41 silly tar     [Symbol(pipes)]: [ [Pipe] ],
41 silly tar     [Symbol(buffer)]: [],
41 silly tar     [Symbol(objectMode)]: false,
41 silly tar     [Symbol(encoding)]: null,
41 silly tar     [Symbol(async)]: false,
41 silly tar     [Symbol(decoder)]: null,
41 silly tar     [Symbol(EOF)]: true,
41 silly tar     [Symbol(emittedEnd)]: true,
41 silly tar     [Symbol(emittingEnd)]: false,
41 silly tar     [Symbol(closed)]: false,
41 silly tar     [Symbol(emittedError)]: null,
41 silly tar     [Symbol(bufferLength)]: 0,
41 silly tar     [Symbol(destroyed)]: false,
41 silly tar     [Symbol(signal)]: undefined,
41 silly tar     [Symbol(aborted)]: false
41 silly tar   },
41 silly tar   cwd: '/storage/emulated/0/html css js/project table/dist/node_modules/mime',
41 silly tar   tarCode: 'TAR_ENTRY_ERROR'
41 silly tar }
42 warn tar TAR_ENTRY_ERROR EPERM: operation not permitted, open '/storage/emulated/0/html css js/project table/dist/node_modules/git/package.json'
43 silly tar TAR_ENTRY_ERROR EPERM: operation not permitted, open '/storage/emulated/0/html css js/project table/dist/node_modules/git/package.json' [Error: EPERM: operation not permitted, open '/storage/emulated/0/html css js/project table/dist/node_modules/git/package.json'] {
43 silly tar   errno: -1,
43 silly tar   code: 'EPERM',
43 silly tar   syscall: 'open',
43 silly tar   path: '/storage/emulated/0/html css js/project table/dist/node_modules/git/package.json',
43 silly tar   entry: ReadEntry {
43 silly tar     _events: [Object: null prototype] {},
43 silly tar     _eventsCount: 0,
43 silly tar     _maxListeners: undefined,
43 silly tar     writable: false,
43 silly tar     readable: false,
43 silly tar     extended: null,
43 silly tar     globalExtended: null,
43 silly tar     header: Header {
43 silly tar       cksumValid: true,
43 silly tar       needPax: false,
43 silly tar       nullBlock: false,
43 silly tar       block: null,
43 silly tar       path: 'package/package.json',
43 silly tar       mode: 420,
43 silly tar       uid: 502,
43 silly tar       gid: 20,
43 silly tar       size: 914,
43 silly tar       mtime: 2013-06-24T13:46:48.000Z,
43 silly tar       cksum: 5646,
43 silly tar       linkpath: '',
43 silly tar       uname: '',
43 silly tar       gname: '',
43 silly tar       devmaj: 0,
43 silly tar       devmin: 0,
43 silly tar       atime: null,
43 silly tar       ctime: null,
43 silly tar       [Symbol(type)]: '0'
43 silly tar     },
43 silly tar     startBlockSize: 1024,
43 silly tar     blockRemain: 0,
43 silly tar     remain: 0,
43 silly tar     type: 'File',
43 silly tar     meta: false,
43 silly tar     ignore: false,
43 silly tar     path: 'package.json',
43 silly tar     mode: 438,
43 silly tar     uid: 502,
43 silly tar     gid: 20,
43 silly tar     uname: '',
43 silly tar     gname: '',
43 silly tar     size: 914,
43 silly tar     mtime: 2013-06-24T13:46:48.000Z,
43 silly tar     atime: null,
43 silly tar     ctime: null,
43 silly tar     linkpath: '',
43 silly tar     absolute: '/storage/emulated/0/html css js/project table/dist/node_modules/git/package.json',
43 silly tar     [Symbol(shapeMode)]: false,
43 silly tar     [Symbol(kCapture)]: false,
43 silly tar     [Symbol(flowing)]: false,
43 silly tar     [Symbol(paused)]: true,
43 silly tar     [Symbol(pipes)]: [ [Pipe] ],
43 silly tar     [Symbol(buffer)]: [],
43 silly tar     [Symbol(objectMode)]: false,
43 silly tar     [Symbol(encoding)]: null,
43 silly tar     [Symbol(async)]: false,
43 silly tar     [Symbol(decoder)]: null,
43 silly tar     [Symbol(EOF)]: true,
43 silly tar     [Symbol(emittedEnd)]: true,
43 silly tar     [Symbol(emittingEnd)]: false,
43 silly tar     [Symbol(closed)]: false,
43 silly tar     [Symbol(emittedError)]: null,
43 silly tar     [Symbol(bufferLength)]: 0,
43 silly tar     [Symbol(destroyed)]: false,
43 silly tar     [Symbol(signal)]: undefined,
43 silly tar     [Symbol(aborted)]: false
43 silly tar   },
43 silly tar   cwd: '/storage/emulated/0/html css js/project table/dist/node_modules/git',
43 silly tar   tarCode: 'TAR_ENTRY_ERROR'
43 silly tar }
44 warn tar TAR_ENTRY_ERROR EPERM: operation not permitted, open '/storage/emulated/0/html css js/project table/dist/node_modules/git/.npmignore'
45 silly tar TAR_ENTRY_ERROR EPERM: operation not permitted, open '/storage/emulated/0/html css js/project table/dist/node_modules/git/.npmignore' [Error: EPERM: operation not permitted, open '/storage/emulated/0/html css js/project table/dist/node_modules/git/.npmignore'] {
45 silly tar   errno: -1,
45 silly tar   code: 'EPERM',
45 silly tar   syscall: 'open',
45 silly tar   path: '/storage/emulated/0/html css js/project table/dist/node_modules/git/.npmignore',
45 silly tar   entry: ReadEntry {
45 silly tar     _events: [Object: null prototype] {},
45 silly tar     _eventsCount: 0,
45 silly tar     _maxListeners: undefined,
45 silly tar     writable: false,
45 silly tar     readable: false,
45 silly tar     extended: null,
45 silly tar     globalExtended: null,
45 silly tar     header: Header {
45 silly tar       cksumValid: true,
45 silly tar       needPax: false,
45 silly tar       nullBlock: false,
45 silly tar       block: null,
45 silly tar       path: 'package/.npmignore',
45 silly tar       mode: 420,
45 silly tar       uid: 502,
45 silly tar       gid: 20,
45 silly tar       size: 15,
45 silly tar       mtime: 2013-06-24T13:46:48.000Z,
45 silly tar       cksum: 5460,
45 silly tar       linkpath: '',
45 silly tar       uname: '',
45 silly tar       gname: '',
45 silly tar       devmaj: 0,
45 silly tar       devmin: 0,
45 silly tar       atime: null,
45 silly tar       ctime: null,
45 silly tar       [Symbol(type)]: '0'
45 silly tar     },
45 silly tar     startBlockSize: 512,
45 silly tar     blockRemain: 0,
45 silly tar     remain: 0,
45 silly tar     type: 'File',
45 silly tar     meta: false,
45 silly tar     ignore: false,
45 silly tar     path: '.npmignore',
45 silly tar     mode: 438,
45 silly tar     uid: 502,
45 silly tar     gid: 20,
45 silly tar     uname: '',
45 silly tar     gname: '',
45 silly tar     size: 15,
45 silly tar     mtime: 2013-06-24T13:46:48.000Z,
45 silly tar     atime: null,
45 silly tar     ctime: null,
45 silly tar     linkpath: '',
45 silly tar     absolute: '/storage/emulated/0/html css js/project table/dist/node_modules/git/.npmignore',
45 silly tar     [Symbol(shapeMode)]: false,
45 silly tar     [Symbol(kCapture)]: false,
45 silly tar     [Symbol(flowing)]: false,
45 silly tar     [Symbol(paused)]: true,
45 silly tar     [Symbol(pipes)]: [ [Pipe] ],
45 silly tar     [Symbol(buffer)]: [],
45 silly tar     [Symbol(objectMode)]: false,
45 silly tar     [Symbol(encoding)]: null,
45 silly tar     [Symbol(async)]: false,
45 silly tar     [Symbol(decoder)]: null,
45 silly tar     [Symbol(EOF)]: true,
45 silly tar     [Symbol(emittedEnd)]: true,
45 silly tar     [Symbol(emittingEnd)]: false,
45 silly tar     [Symbol(closed)]: false,
45 silly tar     [Symbol(emittedError)]: null,
45 silly tar     [Symbol(bufferLength)]: 0,
45 silly tar     [Symbol(destroyed)]: false,
45 silly tar     [Symbol(signal)]: undefined,
45 silly tar     [Symbol(aborted)]: false
45 silly tar   },
45 silly tar   cwd: '/storage/emulated/0/html css js/project table/dist/node_modules/git',
45 silly tar   tarCode: 'TAR_ENTRY_ERROR'
45 silly tar }
46 http fetch GET 200 https://registry.npmjs.org/mime/-/mime-1.2.9.tgz 23508ms (cache miss)
47 warn tar TAR_ENTRY_ERROR EPERM: operation not permitted, open '/storage/emulated/0/html css js/project table/dist/node_modules/git/README.md'
48 silly tar TAR_ENTRY_ERROR EPERM: operation not permitted, open '/storage/emulated/0/html css js/project table/dist/node_modules/git/README.md' [Error: EPERM: operation not permitted, open '/storage/emulated/0/html css js/project table/dist/node_modules/git/README.md'] {
48 silly tar   errno: -1,
48 silly tar   code: 'EPERM',
48 silly tar   syscall: 'open',
48 silly tar   path: '/storage/emulated/0/html css js/project table/dist/node_modules/git/README.md',
48 silly tar   entry: ReadEntry {
48 silly tar     _events: [Object: null prototype] { end: [Array] },
48 silly tar     _eventsCount: 1,
48 silly tar     _maxListeners: undefined,
48 silly tar     writable: false,
48 silly tar     readable: true,
48 silly tar     extended: null,
48 silly tar     globalExtended: null,
48 silly tar     header: Header {
48 silly tar       cksumValid: true,
48 silly tar       needPax: false,
48 silly tar       nullBlock: false,
48 silly tar       block: null,
48 silly tar       path: 'package/README.md',
48 silly tar       mode: 420,
48 silly tar       uid: 502,
48 silly tar       gid: 20,
48 silly tar       size: 1770,
48 silly tar       mtime: 2013-06-24T13:46:48.000Z,
48 silly tar       cksum: 5129,
48 silly tar       linkpath: '',
48 silly tar       uname: '',
48 silly tar       gname: '',
48 silly tar       devmaj: 0,
48 silly tar       devmin: 0,
48 silly tar       atime: null,
48 silly tar       ctime: null,
48 silly tar       [Symbol(type)]: '0'
48 silly tar     },
48 silly tar     startBlockSize: 2048,
48 silly tar     blockRemain: 0,
48 silly tar     remain: 0,
48 silly tar     type: 'File',
48 silly tar     meta: false,
48 silly tar     ignore: false,
48 silly tar     path: 'README.md',
48 silly tar     mode: 438,
48 silly tar     uid: 502,
48 silly tar     gid: 20,
48 silly tar     uname: '',
48 silly tar     gname: '',
48 silly tar     size: 1770,
48 silly tar     mtime: 2013-06-24T13:46:48.000Z,
48 silly tar     atime: null,
48 silly tar     ctime: null,
48 silly tar     linkpath: '',
48 silly tar     absolute: '/storage/emulated/0/html css js/project table/dist/node_modules/git/README.md',
48 silly tar     [Symbol(shapeMode)]: false,
48 silly tar     [Symbol(kCapture)]: false,
48 silly tar     [Symbol(flowing)]: false,
48 silly tar     [Symbol(paused)]: true,
48 silly tar     [Symbol(pipes)]: [ [Pipe] ],
48 silly tar     [Symbol(buffer)]: [
48 silly tar       <Buffer 20 65 78 63 65 70 74 20 69 6e 20 63 6f 6d 70 6c 69 61 6e 63 65 20 77 69 74 68 20 74 68 65 20 4c 69 63 65 6e 73 65 2e 0a 09 20 20 59 6f 75 20 6d 61 79 ... 406 more bytes>
48 silly tar     ],
48 silly tar     [Symbol(objectMode)]: false,
48 silly tar     [Symbol(encoding)]: null,
48 silly tar     [Symbol(async)]: false,
48 silly tar     [Symbol(decoder)]: null,
48 silly tar     [Symbol(EOF)]: true,
48 silly tar     [Symbol(emittedEnd)]: false,
48 silly tar     [Symbol(emittingEnd)]: false,
48 silly tar     [Symbol(closed)]: false,
48 silly tar     [Symbol(emittedError)]: null,
48 silly tar     [Symbol(bufferLength)]: 456,
48 silly tar     [Symbol(destroyed)]: false,
48 silly tar     [Symbol(signal)]: undefined,
48 silly tar     [Symbol(aborted)]: false
48 silly tar   },
48 silly tar   cwd: '/storage/emulated/0/html css js/project table/dist/node_modules/git',
48 silly tar   tarCode: 'TAR_ENTRY_ERROR'
48 silly tar }
49 warn tar TAR_ENTRY_ERROR ENOENT: no such file or directory, open '/storage/emulated/0/html css js/project table/dist/node_modules/git/.travis.yml'
50 silly tar TAR_ENTRY_ERROR ENOENT: no such file or directory, open '/storage/emulated/0/html css js/project table/dist/node_modules/git/.travis.yml' [Error: ENOENT: no such file or directory, open '/storage/emulated/0/html css js/project table/dist/node_modules/git/.travis.yml'] {
50 silly tar   errno: -2,
50 silly tar   code: 'ENOENT',
50 silly tar   syscall: 'open',
50 silly tar   path: '/storage/emulated/0/html css js/project table/dist/node_modules/git/.travis.yml',
50 silly tar   entry: ReadEntry {
50 silly tar     _events: [Object: null prototype] {},
50 silly tar     _eventsCount: 0,
50 silly tar     _maxListeners: undefined,
50 silly tar     writable: false,
50 silly tar     readable: false,
50 silly tar     extended: null,
50 silly tar     globalExtended: null,
50 silly tar     header: Header {
50 silly tar       cksumValid: true,
50 silly tar       needPax: false,
50 silly tar       nullBlock: false,
50 silly tar       block: null,
50 silly tar       path: 'package/.travis.yml',
50 silly tar       mode: 420,
50 silly tar       uid: 502,
50 silly tar       gid: 20,
50 silly tar       size: 49,
50 silly tar       mtime: 2013-06-18T20:32:10.000Z,
50 silly tar       cksum: 5529,
50 silly tar       linkpath: '',
50 silly tar       uname: '',
50 silly tar       gname: '',
50 silly tar       devmaj: 0,
50 silly tar       devmin: 0,
50 silly tar       atime: null,
50 silly tar       ctime: null,
50 silly tar       [Symbol(type)]: '0'
50 silly tar     },
50 silly tar     startBlockSize: 512,
50 silly tar     blockRemain: 0,
50 silly tar     remain: 0,
50 silly tar     type: 'File',
50 silly tar     meta: false,
50 silly tar     ignore: false,
50 silly tar     path: '.travis.yml',
50 silly tar     mode: 438,
50 silly tar     uid: 502,
50 silly tar     gid: 20,
50 silly tar     uname: '',
50 silly tar     gname: '',
50 silly tar     size: 49,
50 silly tar     mtime: 2013-06-18T20:32:10.000Z,
50 silly tar     atime: null,
50 silly tar     ctime: null,
50 silly tar     linkpath: '',
50 silly tar     absolute: '/storage/emulated/0/html css js/project table/dist/node_modules/git/.travis.yml',
50 silly tar     [Symbol(shapeMode)]: false,
50 silly tar     [Symbol(kCapture)]: false,
50 silly tar     [Symbol(flowing)]: false,
50 silly tar     [Symbol(paused)]: true,
50 silly tar     [Symbol(pipes)]: [ [Pipe] ],
50 silly tar     [Symbol(buffer)]: [],
50 silly tar     [Symbol(objectMode)]: false,
50 silly tar     [Symbol(encoding)]: null,
50 silly tar     [Symbol(async)]: false,
50 silly tar     [Symbol(decoder)]: null,
50 silly tar     [Symbol(EOF)]: true,
50 silly tar     [Symbol(emittedEnd)]: true,
50 silly tar     [Symbol(emittingEnd)]: false,
50 silly tar     [Symbol(closed)]: false,
50 silly tar     [Symbol(emittedError)]: null,
50 silly tar     [Symbol(bufferLength)]: 0,
50 silly tar     [Symbol(destroyed)]: false,
50 silly tar     [Symbol(signal)]: undefined,
50 silly tar     [Symbol(aborted)]: false
50 silly tar   },
50 silly tar   cwd: '/storage/emulated/0/html css js/project table/dist/node_modules/git',
50 silly tar   tarCode: 'TAR_ENTRY_ERROR'
50 silly tar }
51 warn tar TAR_ENTRY_ERROR ENOENT: no such file or directory, lstat '/storage/emulated/0/html css js/project table/dist/node_modules/git/benchmarks'
52 silly tar TAR_ENTRY_ERROR ENOENT: no such file or directory, lstat '/storage/emulated/0/html css js/project table/dist/node_modules/git/benchmarks' [Error: ENOENT: no such file or directory, lstat '/storage/emulated/0/html css js/project table/dist/node_modules/git/benchmarks'] {
52 silly tar   errno: -2,
52 silly tar   code: 'ENOENT',
52 silly tar   syscall: 'lstat',
52 silly tar   path: '/storage/emulated/0/html css js/project table/dist/node_modules/git/benchmarks',
52 silly tar   entry: ReadEntry {
52 silly tar     _events: [Object: null prototype] { end: [Array], drain: [Function] },
52 silly tar     _eventsCount: 2,
52 silly tar     _maxListeners: undefined,
52 silly tar     writable: true,
52 silly tar     readable: true,
52 silly tar     extended: null,
52 silly tar     globalExtended: null,
52 silly tar     header: Header {
52 silly tar       cksumValid: true,
52 silly tar       needPax: false,
52 silly tar       nullBlock: false,
52 silly tar       block: null,
52 silly tar       path: 'package/benchmarks/benchmark.js',
52 silly tar       mode: 420,
52 silly tar       uid: 502,
52 silly tar       gid: 20,
52 silly tar       size: 4735,
52 silly tar       mtime: 2013-06-18T20:32:10.000Z,
52 silly tar       cksum: 6751,
52 silly tar       linkpath: '',
52 silly tar       uname: '',
52 silly tar       gname: '',
52 silly tar       devmaj: 0,
52 silly tar       devmin: 0,
52 silly tar       atime: null,
52 silly tar       ctime: null,
52 silly tar       [Symbol(type)]: '0'
52 silly tar     },
52 silly tar     startBlockSize: 5120,
52 silly tar     blockRemain: 1699,
52 silly tar     remain: 1314,
52 silly tar     type: 'File',
52 silly tar     meta: false,
52 silly tar     ignore: false,
52 silly tar     path: 'benchmarks/benchmark.js',
52 silly tar     mode: 438,
52 silly tar     uid: 502,
52 silly tar     gid: 20,
52 silly tar     uname: '',
52 silly tar     gname: '',
52 silly tar     size: 4735,
52 silly tar     mtime: 2013-06-18T20:32:10.000Z,
52 silly tar     atime: null,
52 silly tar     ctime: null,
52 silly tar     linkpath: '',
52 silly tar     absolute: '/storage/emulated/0/html css js/project table/dist/node_modules/git/benchmarks/benchmark.js',
52 silly tar     [Symbol(shapeMode)]: false,
52 silly tar     [Symbol(kCapture)]: false,
52 silly tar     [Symbol(flowing)]: false,
52 silly tar     [Symbol(paused)]: true,
52 silly tar     [Symbol(pipes)]: [],
52 silly tar     [Symbol(buffer)]: [
52 silly tar       <Buffer 0a 76 61 72 20 52 65 70 6f 20 3d 20 72 65 71 75 69 72 65 28 27 67 69 74 2f 72 65 70 6f 27 29 2e 52 65 70 6f 2c 0a 20 20 75 74 69 6c 20 3d 20 72 65 71 ... 3371 more bytes>
52 silly tar     ],
52 silly tar     [Symbol(objectMode)]: false,
52 silly tar     [Symbol(encoding)]: null,
52 silly tar     [Symbol(async)]: false,
52 silly tar     [Symbol(decoder)]: null,
52 silly tar     [Symbol(EOF)]: false,
52 silly tar     [Symbol(emittedEnd)]: false,
52 silly tar     [Symbol(emittingEnd)]: false,
52 silly tar     [Symbol(closed)]: false,
52 silly tar     [Symbol(emittedError)]: null,
52 silly tar     [Symbol(bufferLength)]: 3421,
52 silly tar     [Symbol(destroyed)]: false,
52 silly tar     [Symbol(signal)]: undefined,
52 silly tar     [Symbol(aborted)]: false
52 silly tar   },
52 silly tar   cwd: '/storage/emulated/0/html css js/project table/dist/node_modules/git',
52 silly tar   tarCode: 'TAR_ENTRY_ERROR'
52 silly tar }
53 warn tar TAR_ENTRY_ERROR ENOENT: no such file or directory, lstat '/storage/emulated/0/html css js/project table/dist/node_modules/git/lib'
54 silly tar TAR_ENTRY_ERROR ENOENT: no such file or directory, lstat '/storage/emulated/0/html css js/project table/dist/node_modules/git/lib' [Error: ENOENT: no such file or directory, lstat '/storage/emulated/0/html css js/project table/dist/node_modules/git/lib'] {
54 silly tar   errno: -2,
54 silly tar   code: 'ENOENT',
54 silly tar   syscall: 'lstat',
54 silly tar   path: '/storage/emulated/0/html css js/project table/dist/node_modules/git/lib',
54 silly tar   entry: ReadEntry {
54 silly tar     _events: [Object: null prototype] { end: [Function (anonymous)] },
54 silly tar     _eventsCount: 1,
54 silly tar     _maxListeners: undefined,
54 silly tar     writable: false,
54 silly tar     readable: true,
54 silly tar     extended: null,
54 silly tar     globalExtended: null,
54 silly tar     header: Header {
54 silly tar       cksumValid: true,
54 silly tar       needPax: false,
54 silly tar       nullBlock: false,
54 silly tar       block: null,
54 silly tar       path: 'package/lib/diff/block.js',
54 silly tar       mode: 420,
54 silly tar       uid: 502,
54 silly tar       gid: 20,
54 silly tar       size: 1036,
54 silly tar       mtime: 2013-06-18T20:32:10.000Z,
54 silly tar       cksum: 6038,
54 silly tar       linkpath: '',
54 silly tar       uname: '',
54 silly tar       gname: '',
54 silly tar       devmaj: 0,
54 silly tar       devmin: 0,
54 silly tar       atime: null,
54 silly tar       ctime: null,
54 silly tar       [Symbol(type)]: '0'
54 silly tar     },
54 silly tar     startBlockSize: 1536,
54 silly tar     blockRemain: 0,
54 silly tar     remain: 0,
54 silly tar     type: 'File',
54 silly tar     meta: false,
54 silly tar     ignore: false,
54 silly tar     path: 'lib/diff/block.js',
54 silly tar     mode: 438,
54 silly tar     uid: 502,
54 silly tar     gid: 20,
54 silly tar     uname: '',
54 silly tar     gname: '',
54 silly tar     size: 1036,
54 silly tar     mtime: 2013-06-18T20:32:10.000Z,
54 silly tar     atime: null,
54 silly tar     ctime: null,
54 silly tar     linkpath: '',
54 silly tar     absolute: '/storage/emulated/0/html css js/project table/dist/node_modules/git/lib/diff/block.js',
54 silly tar     [Symbol(shapeMode)]: false,
54 silly tar     [Symbol(kCapture)]: false,
54 silly tar     [Symbol(flowing)]: false,
54 silly tar     [Symbol(paused)]: true,
54 silly tar     [Symbol(pipes)]: [],
54 silly tar     [Symbol(buffer)]: [
54 silly tar       <Buffer 2f 2f 20 41 20 62 6c 6f 63 6b 20 69 73 20 61 6e 20 6f 70 65 72 61 74 69 6f 6e 20 72 65 6d 6f 76 69 6e 67 2c 20 61 64 64 69 6e 67 2c 20 6f 72 20 63 68 ... 986 more bytes>
54 silly tar     ],
54 silly tar     [Symbol(objectMode)]: false,
54 silly tar     [Symbol(encoding)]: null,
54 silly tar     [Symbol(async)]: false,
54 silly tar     [Symbol(decoder)]: null,
54 silly tar     [Symbol(EOF)]: true,
54 silly tar     [Symbol(emittedEnd)]: false,
54 silly tar     [Symbol(emittingEnd)]: false,
54 silly tar     [Symbol(closed)]: false,
54 silly tar     [Symbol(emittedError)]: null,
54 silly tar     [Symbol(bufferLength)]: 1036,
54 silly tar     [Symbol(destroyed)]: false,
54 silly tar     [Symbol(signal)]: undefined,
54 silly tar     [Symbol(aborted)]: false
54 silly tar   },
54 silly tar   cwd: '/storage/emulated/0/html css js/project table/dist/node_modules/git',
54 silly tar   tarCode: 'TAR_ENTRY_ERROR'
54 silly tar }
55 warn tar TAR_ENTRY_ERROR ENOENT: no such file or directory, lstat '/storage/emulated/0/html css js/project table/dist/node_modules/git/lib'
56 silly tar TAR_ENTRY_ERROR ENOENT: no such file or directory, lstat '/storage/emulated/0/html css js/project table/dist/node_modules/git/lib' [Error: ENOENT: no such file or directory, lstat '/storage/emulated/0/html css js/project table/dist/node_modules/git/lib'] {
56 silly tar   errno: -2,
56 silly tar   code: 'ENOENT',
56 silly tar   syscall: 'lstat',
56 silly tar   path: '/storage/emulated/0/html css js/project table/dist/node_modules/git/lib',
56 silly tar   entry: ReadEntry {
56 silly tar     _events: [Object: null prototype] {
56 silly tar       end: [Function (anonymous)],
56 silly tar       drain: [Function]
56 silly tar     },
56 silly tar     _eventsCount: 2,
56 silly tar     _maxListeners: undefined,
56 silly tar     writable: true,
56 silly tar     readable: true,
56 silly tar     extended: null,
56 silly tar     globalExtended: null,
56 silly tar     header: Header {
56 silly tar       cksumValid: true,
56 silly tar       needPax: false,
56 silly tar       nullBlock: false,
56 silly tar       block: null,
56 silly tar       path: 'package/lib/diff/callbacks.js',
56 silly tar       mode: 420,
56 silly tar       uid: 502,
56 silly tar       gid: 20,
56 silly tar       size: 10996,
56 silly tar       mtime: 2013-06-18T20:32:10.000Z,
56 silly tar       cksum: 6456,
56 silly tar       linkpath: '',
56 silly tar       uname: '',
56 silly tar       gname: '',
56 silly tar       devmaj: 0,
56 silly tar       devmin: 0,
56 silly tar       atime: null,
56 silly tar       ctime: null,
56 silly tar       [Symbol(type)]: '0'
56 silly tar     },
56 silly tar     startBlockSize: 11264,
56 silly tar     blockRemain: 9624,
56 silly tar     remain: 9356,
56 silly tar     type: 'File',
56 silly tar     meta: false,
56 silly tar     ignore: false,
56 silly tar     path: 'lib/diff/callbacks.js',
56 silly tar     mode: 438,
56 silly tar     uid: 502,
56 silly tar     gid: 20,
56 silly tar     uname: '',
56 silly tar     gname: '',
56 silly tar     size: 10996,
56 silly tar     mtime: 2013-06-18T20:32:10.000Z,
56 silly tar     atime: null,
56 silly tar     ctime: null,
56 silly tar     linkpath: '',
56 silly tar     absolute: '/storage/emulated/0/html css js/project table/dist/node_modules/git/lib/diff/callbacks.js',
56 silly tar     [Symbol(shapeMode)]: false,
56 silly tar     [Symbol(kCapture)]: false,
56 silly tar     [Symbol(flowing)]: false,
56 silly tar     [Symbol(paused)]: true,
56 silly tar     [Symbol(pipes)]: [],
56 silly tar     [Symbol(buffer)]: [
56 silly tar       <Buffer 76 61 72 20 43 6f 6e 74 65 78 74 43 68 61 6e 67 65 20 3d 20 72 65 71 75 69 72 65 28 27 2e 2f 63 68 61 6e 67 65 27 29 2e 43 6f 6e 74 65 78 74 43 68 61 ... 1590 more bytes>
56 silly tar     ],
56 silly tar     [Symbol(objectMode)]: false,
56 silly tar     [Symbol(encoding)]: null,
56 silly tar     [Symbol(async)]: false,
56 silly tar     [Symbol(decoder)]: null,
56 silly tar     [Symbol(EOF)]: false,
56 silly tar     [Symbol(emittedEnd)]: false,
56 silly tar     [Symbol(emittingEnd)]: false,
56 silly tar     [Symbol(closed)]: false,
56 silly tar     [Symbol(emittedError)]: null,
56 silly tar     [Symbol(bufferLength)]: 1640,
56 silly tar     [Symbol(destroyed)]: false,
56 silly tar     [Symbol(signal)]: undefined,
56 silly tar     [Symbol(aborted)]: false
56 silly tar   },
56 silly tar   cwd: '/storage/emulated/0/html css js/project table/dist/node_modules/git',
56 silly tar   tarCode: 'TAR_ENTRY_ERROR'
56 silly tar }
57 warn tar TAR_ENTRY_ERROR ENOENT: no such file or directory, lstat '/storage/emulated/0/html css js/project table/dist/node_modules/git/lib'
58 silly tar TAR_ENTRY_ERROR ENOENT: no such file or directory, lstat '/storage/emulated/0/html css js/project table/dist/node_modules/git/lib' [Error: ENOENT: no such file or directory, lstat '/storage/emulated/0/html css js/project table/dist/node_modules/git/lib'] {
58 silly tar   errno: -2,
58 silly tar   code: 'ENOENT',
58 silly tar   syscall: 'lstat',
58 silly tar   path: '/storage/emulated/0/html css js/project table/dist/node_modules/git/lib',
58 silly tar   entry: ReadEntry {
58 silly tar     _events: [Object: null prototype] { end: [Function (anonymous)] },
58 silly tar     _eventsCount: 1,
58 silly tar     _maxListeners: undefined,
58 silly tar     writable: false,
58 silly tar     readable: true,
58 silly tar     extended: null,
58 silly tar     globalExtended: null,
58 silly tar     header: Header {
58 silly tar       cksumValid: true,
58 silly tar       needPax: false,
58 silly tar       nullBlock: false,
58 silly tar       block: null,
58 silly tar       path: 'package/lib/diff/change.js',
58 silly tar       mode: 420,
58 silly tar       uid: 502,
58 silly tar       gid: 20,
58 silly tar       size: 2696,
58 silly tar       mtime: 2013-06-18T20:32:10.000Z,
58 silly tar       cksum: 6130,
58 silly tar       linkpath: '',
58 silly tar       uname: '',
58 silly tar       gname: '',
58 silly tar       devmaj: 0,
58 silly tar       devmin: 0,
58 silly tar       atime: null,
58 silly tar       ctime: null,
58 silly tar       [Symbol(type)]: '0'
58 silly tar     },
58 silly tar     startBlockSize: 3072,
58 silly tar     blockRemain: 0,
58 silly tar     remain: 0,
58 silly tar     type: 'File',
58 silly tar     meta: false,
58 silly tar     ignore: false,
58 silly tar     path: 'lib/diff/change.js',
58 silly tar     mode: 438,
58 silly tar     uid: 502,
58 silly tar     gid: 20,
58 silly tar     uname: '',
58 silly tar     gname: '',
58 silly tar     size: 2696,
58 silly tar     mtime: 2013-06-18T20:32:10.000Z,
58 silly tar     atime: null,
58 silly tar     ctime: null,
58 silly tar     linkpath: '',
58 silly tar     absolute: '/storage/emulated/0/html css js/project table/dist/node_modules/git/lib/diff/change.js',
58 silly tar     [Symbol(shapeMode)]: false,
58 silly tar     [Symbol(kCapture)]: false,
58 silly tar     [Symbol(flowing)]: false,
58 silly tar     [Symbol(paused)]: true,
58 silly tar     [Symbol(pipes)]: [],
58 silly tar     [Symbol(buffer)]: [
58 silly tar       <Buffer 2f 2f 20 52 65 70 72 65 73 65 6e 74 73 20 61 20 73 69 6d 70 6c 69 73 74 69 63 20 28 6e 6f 6e 2d 63 6f 6e 74 65 78 74 75 61 6c 29 20 63 68 61 6e 67 65 ... 2646 more bytes>
58 silly tar     ],
58 silly tar     [Symbol(objectMode)]: false,
58 silly tar     [Symbol(encoding)]: null,
58 silly tar     [Symbol(async)]: false,
58 silly tar     [Symbol(decoder)]: null,
58 silly tar     [Symbol(EOF)]: true,
58 silly tar     [Symbol(emittedEnd)]: false,
58 silly tar     [Symbol(emittingEnd)]: false,
58 silly tar     [Symbol(closed)]: false,
58 silly tar     [Symbol(emittedError)]: null,
58 silly tar     [Symbol(bufferLength)]: 2696,
58 silly tar     [Symbol(destroyed)]: false,
58 silly tar     [Symbol(signal)]: undefined,
58 silly tar     [Symbol(aborted)]: false
58 silly tar   },
58 silly tar   cwd: '/storage/emulated/0/html css js/project table/dist/node_modules/git',
58 silly tar   tarCode: 'TAR_ENTRY_ERROR'
58 silly tar }
59 warn tar TAR_ENTRY_ERROR ENOENT: no such file or directory, lstat '/storage/emulated/0/html css js/project table/dist/node_modules/git/lib'
60 silly tar TAR_ENTRY_ERROR ENOENT: no such file or directory, lstat '/storage/emulated/0/html css js/project table/dist/node_modules/git/lib' [Error: ENOENT: no such file or directory, lstat '/storage/emulated/0/html css js/project table/dist/node_modules/git/lib'] {
60 silly tar   errno: -2,
60 silly tar   code: 'ENOENT',
60 silly tar   syscall: 'lstat',
60 silly tar   path: '/storage/emulated/0/html css js/project table/dist/node_modules/git/lib',
60 silly tar   entry: ReadEntry {
60 silly tar     _events: [Object: null prototype] {
60 silly tar       end: [Function (anonymous)],
60 silly tar       drain: [Function]
60 silly tar     },
60 silly tar     _eventsCount: 2,
60 silly tar     _maxListeners: undefined,
60 silly tar     writable: true,
60 silly tar     readable: true,
60 silly tar     extended: null,
60 silly tar     globalExtended: null,
60 silly tar     header: Header {
60 silly tar       cksumValid: true,
60 silly tar       needPax: false,
60 silly tar       nullBlock: false,
60 silly tar       block: null,
60 silly tar       path: 'package/lib/diff/diff.js',
60 silly tar       mode: 420,
60 silly tar       uid: 502,
60 silly tar       gid: 20,
60 silly tar       size: 32720,
60 silly tar       mtime: 2013-06-18T20:32:10.000Z,
60 silly tar       cksum: 5940,
60 silly tar       linkpath: '',
60 silly tar       uname: '',
60 silly tar       gname: '',
60 silly tar       devmaj: 0,
60 silly tar       devmin: 0,
60 silly tar       atime: null,
60 silly tar       ctime: null,
60 silly tar       [Symbol(type)]: '0'
60 silly tar     },
60 silly tar     startBlockSize: 32768,
60 silly tar     blockRemain: 31662,
60 silly tar     remain: 31614,
60 silly tar     type: 'File',
60 silly tar     meta: false,
60 silly tar     ignore: false,
60 silly tar     path: 'lib/diff/diff.js',
60 silly tar     mode: 438,
60 silly tar     uid: 502,
60 silly tar     gid: 20,
60 silly tar     uname: '',
60 silly tar     gname: '',
60 silly tar     size: 32720,
60 silly tar     mtime: 2013-06-18T20:32:10.000Z,
60 silly tar     atime: null,
60 silly tar     ctime: null,
60 silly tar     linkpath: '',
60 silly tar     absolute: '/storage/emulated/0/html css js/project table/dist/node_modules/git/lib/diff/diff.js',
60 silly tar     [Symbol(shapeMode)]: false,
60 silly tar     [Symbol(kCapture)]: false,
60 silly tar     [Symbol(flowing)]: false,
60 silly tar     [Symbol(paused)]: true,
60 silly tar     [Symbol(pipes)]: [],
60 silly tar     [Symbol(buffer)]: [
60 silly tar       <Buffer 76 61 72 20 75 74 69 6c 20 3d 20 72 65 71 75 69 72 65 28 27 75 74 69 6c 27 29 2c 0a 20 20 53 65 71 75 65 6e 63 65 43 61 6c 6c 62 61 63 6b 73 20 3d 20 ... 1056 more bytes>
60 silly tar     ],
60 silly tar     [Symbol(objectMode)]: false,
60 silly tar     [Symbol(encoding)]: null,
60 silly tar     [Symbol(async)]: false,
60 silly tar     [Symbol(decoder)]: null,
60 silly tar     [Symbol(EOF)]: false,
60 silly tar     [Symbol(emittedEnd)]: false,
60 silly tar     [Symbol(emittingEnd)]: false,
60 silly tar     [Symbol(closed)]: false,
60 silly tar     [Symbol(emittedError)]: null,
60 silly tar     [Symbol(bufferLength)]: 1106,
60 silly tar     [Symbol(destroyed)]: false,
60 silly tar     [Symbol(signal)]: undefined,
60 silly tar     [Symbol(aborted)]: false
60 silly tar   },
60 silly tar   cwd: '/storage/emulated/0/html css js/project table/dist/node_modules/git',
60 silly tar   tarCode: 'TAR_ENTRY_ERROR'
60 silly tar }
61 warn tar TAR_ENTRY_ERROR ENOENT: no such file or directory, lstat '/storage/emulated/0/html css js/project table/dist/node_modules/git/lib'
62 silly tar TAR_ENTRY_ERROR ENOENT: no such file or directory, lstat '/storage/emulated/0/html css js/project table/dist/node_modules/git/lib' [Error: ENOENT: no such file or directory, lstat '/storage/emulated/0/html css js/project table/dist/node_modules/git/lib'] {
62 silly tar   errno: -2,
62 silly tar   code: 'ENOENT',
62 silly tar   syscall: 'lstat',
62 silly tar   path: '/storage/emulated/0/html css js/project table/dist/node_modules/git/lib',
62 silly tar   entry: ReadEntry {
62 silly tar     _events: [Object: null prototype] {
62 silly tar       end: [Function (anonymous)],
62 silly tar       drain: [Function]
62 silly tar     },
62 silly tar     _eventsCount: 2,
62 silly tar     _maxListeners: undefined,
62 silly tar     writable: true,
62 silly tar     readable: true,
62 silly tar     extended: null,
62 silly tar     globalExtended: null,
62 silly tar     header: Header {
62 silly tar       cksumValid: true,
62 silly tar       needPax: false,
62 silly tar       nullBlock: false,
62 silly tar       block: null,
62 silly tar       path: 'package/lib/diff/hunk.js',
62 silly tar       mode: 420,
62 silly tar       uid: 502,
62 silly tar       gid: 20,
62 silly tar       size: 9323,
62 silly tar       mtime: 2013-06-18T20:32:10.000Z,
62 silly tar       cksum: 5959,
62 silly tar       linkpath: '',
62 silly tar       uname: '',
62 silly tar       gname: '',
62 silly tar       devmaj: 0,
62 silly tar       devmin: 0,
62 silly tar       atime: null,
62 silly tar       ctime: null,
62 silly tar       [Symbol(type)]: '0'
62 silly tar     },
62 silly tar     startBlockSize: 9728,
62 silly tar     blockRemain: 8815,
62 silly tar     remain: 8410,
62 silly tar     type: 'File',
62 silly tar     meta: false,
62 silly tar     ignore: false,
62 silly tar     path: 'lib/diff/hunk.js',
62 silly tar     mode: 438,
62 silly tar     uid: 502,
62 silly tar     gid: 20,
62 silly tar     uname: '',
62 silly tar     gname: '',
62 silly tar     size: 9323,
62 silly tar     mtime: 2013-06-18T20:32:10.000Z,
62 silly tar     atime: null,
62 silly tar     ctime: null,
62 silly tar     linkpath: '',
62 silly tar     absolute: '/storage/emulated/0/html css js/project table/dist/node_modules/git/lib/diff/hunk.js',
62 silly tar     [Symbol(shapeMode)]: false,
62 silly tar     [Symbol(kCapture)]: false,
62 silly tar     [Symbol(flowing)]: false,
62 silly tar     [Symbol(paused)]: true,
62 silly tar     [Symbol(pipes)]: [],
62 silly tar     [Symbol(buffer)]: [
62 silly tar       <Buffer 76 61 72 20 42 6c 6f 63 6b 20 3d 20 72 65 71 75 69 72 65 28 27 2e 2f 62 6c 6f 63 6b 27 29 2e 42 6c 6f 63 6b 3b 0a 0a 2f 2f 20 41 20 48 75 6e 6b 20 69 ... 863 more bytes>
62 silly tar     ],
62 silly tar     [Symbol(objectMode)]: false,
62 silly tar     [Symbol(encoding)]: null,
62 silly tar     [Symbol(async)]: false,
62 silly tar     [Symbol(decoder)]: null,
62 silly tar     [Symbol(EOF)]: false,
62 silly tar     [Symbol(emittedEnd)]: false,
62 silly tar     [Symbol(emittingEnd)]: false,
62 silly tar     [Symbol(closed)]: false,
62 silly tar     [Symbol(emittedError)]: null,
62 silly tar     [Symbol(bufferLength)]: 913,
62 silly tar     [Symbol(destroyed)]: false,
62 silly tar     [Symbol(signal)]: undefined,
62 silly tar     [Symbol(aborted)]: false
62 silly tar   },
62 silly tar   cwd: '/storage/emulated/0/html css js/project table/dist/node_modules/git',
62 silly tar   tarCode: 'TAR_ENTRY_ERROR'
62 silly tar }
63 verbose stack Error: read ECONNABORTED
63 verbose stack     at TLSWrap.onStreamRead (node:internal/stream_base_commons:216:20)
64 error code ECONNABORTED
65 error syscall read
66 error errno -103
67 error read ECONNABORTED
68 silly unfinished npm timer reify 1735217255964
69 silly unfinished npm timer reify:unpack 1735217257852
70 silly unfinished npm timer reifyNode:node_modules/git 1735217257854
71 verbose cwd /storage/emulated/0/html css js/project table/dist
72 verbose os Linux 4.14.186+
73 verbose node v22.9.0
74 verbose npm  v10.8.3
75 verbose exit -103
76 verbose code -103
77 error A complete log of this run can be found in: /data/data/com.termux/files/home/.npm/_logs/2024-12-26T12_47_33_952Z-debug-0.log
